#
# There is insufficient memory for the Java Runtime Environment to continue.
# Native memory allocation (malloc) failed to allocate 1048576 bytes for AllocateHeap
# Possible reasons:
#   The system is out of physical RAM or swap space
#   The process is running with CompressedOops enabled, and the Java Heap may be blocking the growth of the native heap
# Possible solutions:
#   Reduce memory load on the system
#   Increase physical memory or swap space
#   Check if swap backing store is full
#   Decrease Java heap size (-Xmx/-Xms)
#   Decrease number of Java threads
#   Decrease Java thread stack sizes (-Xss)
#   Set larger code cache with -XX:ReservedCodeCacheSize=
#   JVM is running with Unscaled Compressed Oops mode in which the Java heap is
#     placed in the first 4GB address space. The Java Heap base address is the
#     maximum limit for the native heap growth. Please use -XX:HeapBaseMinAddress
#     to set the Java Heap base and to place the Java Heap above 4GB virtual address.
# This output file may be truncated or incomplete.
#
#  Out of Memory Error (allocation.cpp:44), pid=21996, tid=10860
#
# JRE version: OpenJDK Runtime Environment Temurin-17.0.7+7 (17.0.7+7) (build 17.0.7+7)
# Java VM: OpenJDK 64-Bit Server VM Temurin-17.0.7+7 (17.0.7+7, mixed mode, emulated-client, tiered, compressed oops, compressed class ptrs, g1 gc, windows-amd64)
# No core dump will be written. Minidumps are not enabled by default on client versions of Windows
#

---------------  S U M M A R Y ------------

Command Line: -XX:+HeapDumpOnOutOfMemoryError -Xmx1024m -Dsts.lsp.client=vscode -Dsts.log.file=/dev/null -XX:TieredStopAtLevel=1 -Xlog:jni+resolve=off -Dspring.config.location=file:c:\Users\DIPENDRA  BHATT\.vscode\extensions\vmware.vscode-spring-boot-1.48.0\language-server\BOOT-INF\classes\application.properties org.springframework.ide.vscode.boot.app.BootLanguageServerBootApp

Host: Intel(R) Core(TM) i5-10300H CPU @ 2.50GHz, 8 cores, 7G,  Windows 11 , 64 bit Build 22621 (10.0.22621.2070)
Time: Thu Aug 17 01:06:59 2023 Nepal Standard Time elapsed time: 8312.431881 seconds (0d 2h 18m 32s)

---------------  T H R E A D  ---------------

Current thread (0x0000021004e2beb0):  VMThread "VM Thread" [stack: 0x0000003304000000,0x0000003304100000] [id=10860]

Stack: [0x0000003304000000,0x0000003304100000]
Native frames: (J=compiled Java code, j=interpreted, Vv=VM code, C=native code)
V  [jvm.dll+0x67754a]
V  [jvm.dll+0x834304]
V  [jvm.dll+0x835aae]
V  [jvm.dll+0x836113]
V  [jvm.dll+0x24696f]
V  [jvm.dll+0xa681f]
V  [jvm.dll+0x2f73f3]
V  [jvm.dll+0x2f30f0]
V  [jvm.dll+0x2db6c7]
V  [jvm.dll+0x31e777]
V  [jvm.dll+0x83a5bb]
V  [jvm.dll+0x83b2f4]
V  [jvm.dll+0x83b80c]
V  [jvm.dll+0x83bbe4]
V  [jvm.dll+0x83bcb0]
V  [jvm.dll+0x7e4e7a]
V  [jvm.dll+0x676395]
C  [ucrtbase.dll+0x29363]
C  [KERNEL32.DLL+0x126ad]
C  [ntdll.dll+0x5aa68]

VM_Operation (0x00000033058fed80): G1CollectFull, mode: safepoint, requested by thread 0x000002100a7c1030


---------------  P R O C E S S  ---------------

Threads class SMR info:
_java_thread_list=0x000002101488f610, length=28, elements={
0x0000021004e40370, 0x0000021004e40e30, 0x0000021009008490, 0x0000021009008d50,
0x000002100900b620, 0x000002100900bee0, 0x000002100900f000, 0x0000021004e78690,
0x00000210092132a0, 0x00000210092203f0, 0x000002100a7d7ec0, 0x000002100a347a80,
0x000002100a7c1030, 0x000002100994bf90, 0x000002107a0774d0, 0x0000021009a2b040,
0x000002100a8ee030, 0x000002100a91fb90, 0x000002100ab01d30, 0x000002100aaff6b0,
0x000002100aafe370, 0x000002100a611500, 0x000002100a6119d0, 0x000002100b5336f0,
0x000002100b533220, 0x000002100b531ee0, 0x000002100b532880, 0x000002100b5323b0
}

Java Threads: ( => current thread )
  0x0000021004e40370 JavaThread "Reference Handler" daemon [_thread_blocked, id=8724, stack(0x0000003304100000,0x0000003304200000)]
  0x0000021004e40e30 JavaThread "Finalizer" daemon [_thread_blocked, id=22380, stack(0x0000003304200000,0x0000003304300000)]
  0x0000021009008490 JavaThread "Signal Dispatcher" daemon [_thread_blocked, id=2052, stack(0x0000003304300000,0x0000003304400000)]
  0x0000021009008d50 JavaThread "Attach Listener" daemon [_thread_blocked, id=6212, stack(0x0000003304400000,0x0000003304500000)]
  0x000002100900b620 JavaThread "Service Thread" daemon [_thread_blocked, id=18740, stack(0x0000003304500000,0x0000003304600000)]
  0x000002100900bee0 JavaThread "Monitor Deflation Thread" daemon [_thread_blocked, id=15376, stack(0x0000003304600000,0x0000003304700000)]
  0x000002100900f000 JavaThread "C1 CompilerThread0" daemon [_thread_blocked, id=5064, stack(0x0000003304700000,0x0000003304800000)]
  0x0000021004e78690 JavaThread "Sweeper thread" daemon [_thread_blocked, id=9904, stack(0x0000003304800000,0x0000003304900000)]
  0x00000210092132a0 JavaThread "Notification Thread" daemon [_thread_blocked, id=8228, stack(0x0000003304a00000,0x0000003304b00000)]
  0x00000210092203f0 JavaThread "Common-Cleaner" daemon [_thread_blocked, id=13688, stack(0x0000003304c00000,0x0000003304d00000)]
  0x000002100a7d7ec0 JavaThread "boundedElastic-evictor-1" daemon [_thread_blocked, id=10920, stack(0x0000003303800000,0x0000003303900000)]
  0x000002100a347a80 JavaThread "boundedElastic-evictor-2" daemon [_thread_blocked, id=2820, stack(0x0000003305400000,0x0000003305500000)]
  0x000002100a7c1030 JavaThread "pool-11-thread-1" [_thread_blocked, id=944, stack(0x0000003305800000,0x0000003305900000)]
  0x000002100994bf90 JavaThread "LanguageServerApp-lifecycle" [_thread_blocked, id=14444, stack(0x0000003305900000,0x0000003305a00000)]
  0x000002107a0774d0 JavaThread "DestroyJavaVM" [_thread_blocked, id=22032, stack(0x0000003303a00000,0x0000003303b00000)]
  0x0000021009a2b040 JavaThread "pool-12-thread-1" [_thread_in_native, id=15788, stack(0x0000003305a00000,0x0000003305b00000)]
  0x000002100a8ee030 JavaThread "Simple-Language-Server main thread" daemon [_thread_blocked, id=21928, stack(0x0000003305b00000,0x0000003305c00000)]
  0x000002100a91fb90 JavaThread "pool-7-thread-1" [_thread_blocked, id=10600, stack(0x0000003306000000,0x0000003306100000)]
  0x000002100ab01d30 JavaThread "parallel-1" daemon [_thread_blocked, id=2876, stack(0x0000003307000000,0x0000003307100000)]
  0x000002100aaff6b0 JavaThread "pool-5-thread-1" [_thread_blocked, id=18272, stack(0x0000003307200000,0x0000003307300000)]
  0x000002100aafe370 JavaThread "parallel-2" daemon [_thread_blocked, id=15916, stack(0x0000003307300000,0x0000003307400000)]
  0x000002100a611500 JavaThread "parallel-3" daemon [_thread_blocked, id=21956, stack(0x0000003306600000,0x0000003306700000)]
  0x000002100a6119d0 JavaThread "parallel-4" daemon [_thread_blocked, id=14532, stack(0x0000003306700000,0x0000003306800000)]
  0x000002100b5336f0 JavaThread "Reconciler-1" daemon [_thread_blocked, id=22524, stack(0x0000003306800000,0x0000003306900000)]
  0x000002100b533220 JavaThread "parallel-5" daemon [_thread_blocked, id=8424, stack(0x0000003303900000,0x0000003303a00000)]
  0x000002100b531ee0 JavaThread "parallel-6" daemon [_thread_blocked, id=10660, stack(0x0000003304900000,0x0000003304a00000)]
  0x000002100b532880 JavaThread "parallel-7" daemon [_thread_blocked, id=13052, stack(0x0000003305500000,0x0000003305600000)]
  0x000002100b5323b0 JavaThread "parallel-8" daemon [_thread_blocked, id=16472, stack(0x0000003305700000,0x0000003305800000)]

Other Threads:
=>0x0000021004e2beb0 VMThread "VM Thread" [stack: 0x0000003304000000,0x0000003304100000] [id=10860]
  0x0000021009213770 WatcherThread [stack: 0x0000003304b00000,0x0000003304c00000] [id=14880]
  0x000002107a0b5b60 GCTaskThread "GC Thread#0" [stack: 0x0000003303b00000,0x0000003303c00000] [id=22292]
  0x0000021009bf63e0 GCTaskThread "GC Thread#1" [stack: 0x0000003304d00000,0x0000003304e00000] [id=13360]
  0x0000021009bf6690 GCTaskThread "GC Thread#2" [stack: 0x0000003304e00000,0x0000003304f00000] [id=7384]
  0x000002100909cbb0 GCTaskThread "GC Thread#3" [stack: 0x0000003304f00000,0x0000003305000000] [id=9752]
  0x0000021009f62da0 GCTaskThread "GC Thread#4" [stack: 0x0000003305000000,0x0000003305100000] [id=19352]
  0x0000021009f63050 GCTaskThread "GC Thread#5" [stack: 0x0000003305100000,0x0000003305200000] [id=22020]
  0x0000021009f63300 GCTaskThread "GC Thread#6" [stack: 0x0000003305200000,0x0000003305300000] [id=22088]
  0x0000021009fd4050 GCTaskThread "GC Thread#7" [stack: 0x0000003305300000,0x0000003305400000] [id=22116]
  0x000002107a0be9b0 ConcurrentGCThread "G1 Main Marker" [stack: 0x0000003303c00000,0x0000003303d00000] [id=22276]
  0x000002107a0c02e0 ConcurrentGCThread "G1 Conc#0" [stack: 0x0000003303d00000,0x0000003303e00000] [id=22264]
  0x00000210098c3440 ConcurrentGCThread "G1 Conc#1" [stack: 0x0000003305600000,0x0000003305700000] [id=20656]
  0x000002107a124c60 ConcurrentGCThread "G1 Refine#0" [stack: 0x0000003303e00000,0x0000003303f00000] [id=16428]
  0x000002100a97ba90 ConcurrentGCThread "G1 Refine#1" [stack: 0x0000003307100000,0x0000003307200000] [id=5536]
  0x000002100b92e840 ConcurrentGCThread "G1 Refine#2" [stack: 0x0000003307600000,0x0000003307700000] [id=22240]
  0x000002100b608c40 ConcurrentGCThread "G1 Refine#3" [stack: 0x0000003307b00000,0x0000003307c00000] [id=22348]
  0x000002100b609200 ConcurrentGCThread "G1 Refine#4" [stack: 0x0000003306e00000,0x0000003306f00000] [id=13420]
  0x000002100b608f20 ConcurrentGCThread "G1 Refine#5" [stack: 0x0000003306f00000,0x0000003307000000] [id=21976]
  0x000002100b609aa0 ConcurrentGCThread "G1 Refine#6" [stack: 0x0000003306400000,0x0000003306500000] [id=5288]
  0x000002100bcaa670 ConcurrentGCThread "G1 Refine#7" [stack: 0x0000003306500000,0x0000003306600000] [id=13260]
  0x000002107a125590 ConcurrentGCThread "G1 Service" [stack: 0x0000003303f00000,0x0000003304000000] [id=21232]

Threads with active compile tasks:

VM state: at safepoint (normal execution)

VM Mutex/Monitor currently owned by a thread:  ([mutex/lock_event])
[0x0000021077ec2fd0] Threads_lock - owner thread: 0x0000021004e2beb0
[0x000002107a075ac0] Heap_lock - owner thread: 0x000002100a7c1030

Heap address: 0x00000000c0000000, size: 1024 MB, Compressed Oops mode: 32-bit

CDS archive(s) not mapped
Compressed class space mapped at: 0x0000000100000000-0x0000000140000000, reserved size: 1073741824
Narrow klass base: 0x0000000000000000, Narrow klass shift: 3, Narrow klass range: 0x140000000

GC Precious Log:
 CPUs: 8 total, 8 available
 Memory: 8059M
 Large Page Support: Disabled
 NUMA Support: Disabled
 Compressed Oops: Enabled (32-bit)
 Heap Region Size: 1M
 Heap Min Capacity: 8M
 Heap Initial Capacity: 126M
 Heap Max Capacity: 1G
 Pre-touch: Disabled
 Parallel Workers: 8
 Concurrent Workers: 2
 Concurrent Refinement Workers: 8
 Periodic GC: Disabled

Heap:
 garbage-first heap   total 352256K, used 105070K [0x00000000c0000000, 0x0000000100000000)
  region size 1024K, 1 young (1024K), 0 survivors (0K)
 Metaspace       used 77006K, committed 77504K, reserved 1179648K
  class space    used 10585K, committed 10816K, reserved 1048576K

Heap Regions: E=young(eden), S=young(survivor), O=old, HS=humongous(starts), HC=humongous(continues), CS=collection set, F=free, OA=open archive, CA=closed archive, TAMS=top-at-mark-start (previous, next)
|   0|0x00000000c0000000, 0x00000000c0100000, 0x00000000c0100000|100%| O|  |TAMS 0x00000000c0100000, 0x00000000c0000000| Untracked 
|   1|0x00000000c0100000, 0x00000000c0200000, 0x00000000c0200000|100%| O|  |TAMS 0x00000000c0200000, 0x00000000c0100000| Untracked 
|   2|0x00000000c0200000, 0x00000000c0300000, 0x00000000c0300000|100%| O|  |TAMS 0x00000000c0300000, 0x00000000c0200000| Untracked 
|   3|0x00000000c0300000, 0x00000000c03fffd0, 0x00000000c0400000| 99%| O|  |TAMS 0x00000000c03fffd0, 0x00000000c0300000| Untracked 
|   4|0x00000000c0400000, 0x00000000c0500000, 0x00000000c0500000|100%| O|  |TAMS 0x00000000c0500000, 0x00000000c0400000| Untracked 
|   5|0x00000000c0500000, 0x00000000c05f9e60, 0x00000000c0600000| 97%| O|  |TAMS 0x00000000c05f9e60, 0x00000000c0500000| Untracked 
|   6|0x00000000c0600000, 0x00000000c0700000, 0x00000000c0700000|100%| O|  |TAMS 0x00000000c0700000, 0x00000000c0600000| Untracked 
|   7|0x00000000c0700000, 0x00000000c07fffe0, 0x00000000c0800000| 99%| O|  |TAMS 0x00000000c07fffe0, 0x00000000c0700000| Untracked 
|   8|0x00000000c0800000, 0x00000000c08fffd0, 0x00000000c0900000| 99%| O|  |TAMS 0x00000000c08fffd0, 0x00000000c0800000| Untracked 
|   9|0x00000000c0900000, 0x00000000c09fffe0, 0x00000000c0a00000| 99%| O|  |TAMS 0x00000000c09fffe0, 0x00000000c0900000| Untracked 
|  10|0x00000000c0a00000, 0x00000000c0afffe0, 0x00000000c0b00000| 99%| O|  |TAMS 0x00000000c0afffe0, 0x00000000c0a00000| Untracked 
|  11|0x00000000c0b00000, 0x00000000c0c00000, 0x00000000c0c00000|100%| O|  |TAMS 0x00000000c0c00000, 0x00000000c0b00000| Untracked 
|  12|0x00000000c0c00000, 0x00000000c0d00000, 0x00000000c0d00000|100%| O|  |TAMS 0x00000000c0d00000, 0x00000000c0c00000| Untracked 
|  13|0x00000000c0d00000, 0x00000000c0e00000, 0x00000000c0e00000|100%| O|  |TAMS 0x00000000c0e00000, 0x00000000c0d00000| Untracked 
|  14|0x00000000c0e00000, 0x00000000c0f00000, 0x00000000c0f00000|100%| O|  |TAMS 0x00000000c0f00000, 0x00000000c0e00000| Untracked 
|  15|0x00000000c0f00000, 0x00000000c0ffffd8, 0x00000000c1000000| 99%| O|  |TAMS 0x00000000c0ffffd8, 0x00000000c0f00000| Untracked 
|  16|0x00000000c1000000, 0x00000000c10fffc8, 0x00000000c1100000| 99%| O|  |TAMS 0x00000000c10fffc8, 0x00000000c1000000| Untracked 
|  17|0x00000000c1100000, 0x00000000c11fffa8, 0x00000000c1200000| 99%| O|  |TAMS 0x00000000c11fffa8, 0x00000000c1100000| Untracked 
|  18|0x00000000c1200000, 0x00000000c12ffff0, 0x00000000c1300000| 99%| O|  |TAMS 0x00000000c12ffff0, 0x00000000c1200000| Untracked 
|  19|0x00000000c1300000, 0x00000000c13fffe8, 0x00000000c1400000| 99%| O|  |TAMS 0x00000000c13fffe8, 0x00000000c1300000| Untracked 
|  20|0x00000000c1400000, 0x00000000c14fffc0, 0x00000000c1500000| 99%| O|  |TAMS 0x00000000c14fffc0, 0x00000000c1400000| Untracked 
|  21|0x00000000c1500000, 0x00000000c1600000, 0x00000000c1600000|100%| O|  |TAMS 0x00000000c1600000, 0x00000000c1500000| Untracked 
|  22|0x00000000c1600000, 0x00000000c16ffff0, 0x00000000c1700000| 99%| O|  |TAMS 0x00000000c16ffff0, 0x00000000c1600000| Untracked 
|  23|0x00000000c1700000, 0x00000000c17ffff0, 0x00000000c1800000| 99%| O|  |TAMS 0x00000000c17ffff0, 0x00000000c1700000| Untracked 
|  24|0x00000000c1800000, 0x00000000c18ffff8, 0x00000000c1900000| 99%| O|  |TAMS 0x00000000c18ffff8, 0x00000000c1800000| Untracked 
|  25|0x00000000c1900000, 0x00000000c1a00000, 0x00000000c1a00000|100%| O|  |TAMS 0x00000000c1a00000, 0x00000000c1900000| Untracked 
|  26|0x00000000c1a00000, 0x00000000c1affff8, 0x00000000c1b00000| 99%| O|  |TAMS 0x00000000c1affff8, 0x00000000c1a00000| Untracked 
|  27|0x00000000c1b00000, 0x00000000c1bffff8, 0x00000000c1c00000| 99%| O|  |TAMS 0x00000000c1bffff8, 0x00000000c1b00000| Untracked 
|  28|0x00000000c1c00000, 0x00000000c1cfffa0, 0x00000000c1d00000| 99%| O|  |TAMS 0x00000000c1cfffa0, 0x00000000c1c00000| Untracked 
|  29|0x00000000c1d00000, 0x00000000c1dffff8, 0x00000000c1e00000| 99%| O|  |TAMS 0x00000000c1dffff8, 0x00000000c1d00000| Untracked 
|  30|0x00000000c1e00000, 0x00000000c1efffd8, 0x00000000c1f00000| 99%| O|  |TAMS 0x00000000c1efffd8, 0x00000000c1e00000| Untracked 
|  31|0x00000000c1f00000, 0x00000000c1fffff8, 0x00000000c2000000| 99%| O|  |TAMS 0x00000000c1fffff8, 0x00000000c1f00000| Untracked 
|  32|0x00000000c2000000, 0x00000000c20fff80, 0x00000000c2100000| 99%| O|  |TAMS 0x00000000c20fff80, 0x00000000c2000000| Untracked 
|  33|0x00000000c2100000, 0x00000000c21ffff0, 0x00000000c2200000| 99%| O|  |TAMS 0x00000000c21ffff0, 0x00000000c2100000| Untracked 
|  34|0x00000000c2200000, 0x00000000c22ffff0, 0x00000000c2300000| 99%| O|  |TAMS 0x00000000c22ffff0, 0x00000000c2200000| Untracked 
|  35|0x00000000c2300000, 0x00000000c23ffff0, 0x00000000c2400000| 99%| O|  |TAMS 0x00000000c23ffff0, 0x00000000c2300000| Untracked 
|  36|0x00000000c2400000, 0x00000000c2500000, 0x00000000c2500000|100%| O|  |TAMS 0x00000000c2500000, 0x00000000c2400000| Untracked 
|  37|0x00000000c2500000, 0x00000000c25ffff8, 0x00000000c2600000| 99%| O|  |TAMS 0x00000000c25ffff8, 0x00000000c2500000| Untracked 
|  38|0x00000000c2600000, 0x00000000c26ffff8, 0x00000000c2700000| 99%| O|  |TAMS 0x00000000c26ffff8, 0x00000000c2600000| Untracked 
|  39|0x00000000c2700000, 0x00000000c2800000, 0x00000000c2800000|100%|HS|  |TAMS 0x00000000c2800000, 0x00000000c2700000| Untracked 
|  40|0x00000000c2800000, 0x00000000c28ffff8, 0x00000000c2900000| 99%| O|  |TAMS 0x00000000c28ffff8, 0x00000000c2800000| Untracked 
|  41|0x00000000c2900000, 0x00000000c2a00000, 0x00000000c2a00000|100%| O|  |TAMS 0x00000000c2a00000, 0x00000000c2900000| Untracked 
|  42|0x00000000c2a00000, 0x00000000c2afff40, 0x00000000c2b00000| 99%| O|  |TAMS 0x00000000c2afff40, 0x00000000c2a00000| Untracked 
|  43|0x00000000c2b00000, 0x00000000c2bffff8, 0x00000000c2c00000| 99%| O|  |TAMS 0x00000000c2bffff8, 0x00000000c2b00000| Untracked 
|  44|0x00000000c2c00000, 0x00000000c2cffff8, 0x00000000c2d00000| 99%| O|  |TAMS 0x00000000c2cffff8, 0x00000000c2c00000| Untracked 
|  45|0x00000000c2d00000, 0x00000000c2dffff0, 0x00000000c2e00000| 99%| O|  |TAMS 0x00000000c2dffff0, 0x00000000c2d00000| Untracked 
|  46|0x00000000c2e00000, 0x00000000c2effff0, 0x00000000c2f00000| 99%| O|  |TAMS 0x00000000c2effff0, 0x00000000c2e00000| Untracked 
|  47|0x00000000c2f00000, 0x00000000c2ffffe8, 0x00000000c3000000| 99%| O|  |TAMS 0x00000000c2ffffe8, 0x00000000c2f00000| Untracked 
|  48|0x00000000c3000000, 0x00000000c30ffff0, 0x00000000c3100000| 99%| O|  |TAMS 0x00000000c30ffff0, 0x00000000c3000000| Untracked 
|  49|0x00000000c3100000, 0x00000000c31fd450, 0x00000000c3200000| 98%| O|  |TAMS 0x00000000c31fd450, 0x00000000c3100000| Untracked 
|  50|0x00000000c3200000, 0x00000000c32fffe8, 0x00000000c3300000| 99%| O|  |TAMS 0x00000000c32fffe8, 0x00000000c3200000| Untracked 
|  51|0x00000000c3300000, 0x00000000c33ed888, 0x00000000c3400000| 92%| O|  |TAMS 0x00000000c3300000, 0x00000000c3300000| Untracked 
|  52|0x00000000c3400000, 0x00000000c34ffff8, 0x00000000c3500000| 99%| O|  |TAMS 0x00000000c34ffff8, 0x00000000c3400000| Untracked 
|  53|0x00000000c3500000, 0x00000000c35ffff8, 0x00000000c3600000| 99%| O|  |TAMS 0x00000000c35ffff8, 0x00000000c3500000| Untracked 
|  54|0x00000000c3600000, 0x00000000c36ffff8, 0x00000000c3700000| 99%| O|  |TAMS 0x00000000c36ffff8, 0x00000000c3600000| Untracked 
|  55|0x00000000c3700000, 0x00000000c37f8578, 0x00000000c3800000| 97%| O|  |TAMS 0x00000000c37f8578, 0x00000000c3700000| Untracked 
|  56|0x00000000c3800000, 0x00000000c3900000, 0x00000000c3900000|100%| O|  |TAMS 0x00000000c3900000, 0x00000000c3800000| Untracked 
|  57|0x00000000c3900000, 0x00000000c3a00000, 0x00000000c3a00000|100%| O|  |TAMS 0x00000000c3a00000, 0x00000000c3900000| Untracked 
|  58|0x00000000c3a00000, 0x00000000c3afffc8, 0x00000000c3b00000| 99%| O|  |TAMS 0x00000000c3afffc8, 0x00000000c3a00000| Untracked 
|  59|0x00000000c3b00000, 0x00000000c3bdb268, 0x00000000c3c00000| 85%| O|  |TAMS 0x00000000c3b00000, 0x00000000c3b00000| Untracked 
|  60|0x00000000c3c00000, 0x00000000c3cffff8, 0x00000000c3d00000| 99%| O|  |TAMS 0x00000000c3cffff8, 0x00000000c3c00000| Untracked 
|  61|0x00000000c3d00000, 0x00000000c3dfffd0, 0x00000000c3e00000| 99%| O|  |TAMS 0x00000000c3dfffd0, 0x00000000c3d00000| Untracked 
|  62|0x00000000c3e00000, 0x00000000c3eed2d0, 0x00000000c3f00000| 92%| O|  |TAMS 0x00000000c3e00000, 0x00000000c3e00000| Untracked 
|  63|0x00000000c3f00000, 0x00000000c3ffffe8, 0x00000000c4000000| 99%| O|  |TAMS 0x00000000c3ffffe8, 0x00000000c3f00000| Untracked 
|  64|0x00000000c4000000, 0x00000000c40fffe0, 0x00000000c4100000| 99%| O|  |TAMS 0x00000000c40fffe0, 0x00000000c4000000| Untracked 
|  65|0x00000000c4100000, 0x00000000c41fc8d0, 0x00000000c4200000| 98%| O|  |TAMS 0x00000000c41fc8d0, 0x00000000c4100000| Untracked 
|  66|0x00000000c4200000, 0x00000000c4300000, 0x00000000c4300000|100%| O|  |TAMS 0x00000000c4300000, 0x00000000c4200000| Untracked 
|  67|0x00000000c4300000, 0x00000000c43ffff8, 0x00000000c4400000| 99%| O|  |TAMS 0x00000000c43ffff8, 0x00000000c4300000| Untracked 
|  68|0x00000000c4400000, 0x00000000c44ffff0, 0x00000000c4500000| 99%| O|  |TAMS 0x00000000c44ffff0, 0x00000000c4400000| Untracked 
|  69|0x00000000c4500000, 0x00000000c45ffff0, 0x00000000c4600000| 99%| O|  |TAMS 0x00000000c45ffff0, 0x00000000c4500000| Untracked 
|  70|0x00000000c4600000, 0x00000000c46fffe8, 0x00000000c4700000| 99%| O|  |TAMS 0x00000000c46fffe8, 0x00000000c4600000| Untracked 
|  71|0x00000000c4700000, 0x00000000c4700088, 0x00000000c4800000|  0%| O|  |TAMS 0x00000000c4700000, 0x00000000c4700000| Untracked 
|  72|0x00000000c4800000, 0x00000000c4800000, 0x00000000c4900000|  0%| F|  |TAMS 0x00000000c4800000, 0x00000000c4800000| Untracked 
|  73|0x00000000c4900000, 0x00000000c4900000, 0x00000000c4a00000|  0%| F|  |TAMS 0x00000000c4900000, 0x00000000c4900000| Untracked 
|  74|0x00000000c4a00000, 0x00000000c4a00000, 0x00000000c4b00000|  0%| F|  |TAMS 0x00000000c4a00000, 0x00000000c4a00000| Untracked 
|  75|0x00000000c4b00000, 0x00000000c4b00000, 0x00000000c4c00000|  0%| F|  |TAMS 0x00000000c4b00000, 0x00000000c4b00000| Untracked 
|  76|0x00000000c4c00000, 0x00000000c4cfffe8, 0x00000000c4d00000| 99%| O|  |TAMS 0x00000000c4cfffe8, 0x00000000c4c00000| Untracked 
|  77|0x00000000c4d00000, 0x00000000c4dfffb0, 0x00000000c4e00000| 99%| O|  |TAMS 0x00000000c4dfffb0, 0x00000000c4d00000| Untracked 
|  78|0x00000000c4e00000, 0x00000000c4efffc8, 0x00000000c4f00000| 99%| O|  |TAMS 0x00000000c4efffc8, 0x00000000c4e00000| Untracked 
|  79|0x00000000c4f00000, 0x00000000c4f00000, 0x00000000c5000000|  0%| F|  |TAMS 0x00000000c4f00000, 0x00000000c4f00000| Untracked 
|  80|0x00000000c5000000, 0x00000000c50ffff0, 0x00000000c5100000| 99%| O|  |TAMS 0x00000000c50ffff0, 0x00000000c5000000| Untracked 
|  81|0x00000000c5100000, 0x00000000c51ffff0, 0x00000000c5200000| 99%| O|  |TAMS 0x00000000c51ffff0, 0x00000000c5100000| Untracked 
|  82|0x00000000c5200000, 0x00000000c52fffe0, 0x00000000c5300000| 99%| O|  |TAMS 0x00000000c52fffe0, 0x00000000c5200000| Untracked 
|  83|0x00000000c5300000, 0x00000000c53fffe8, 0x00000000c5400000| 99%| O|  |TAMS 0x00000000c53fffe8, 0x00000000c5300000| Untracked 
|  84|0x00000000c5400000, 0x00000000c54fffe8, 0x00000000c5500000| 99%| O|  |TAMS 0x00000000c54fffe8, 0x00000000c5400000| Untracked 
|  85|0x00000000c5500000, 0x00000000c5500000, 0x00000000c5600000|  0%| F|  |TAMS 0x00000000c5500000, 0x00000000c5500000| Untracked 
|  86|0x00000000c5600000, 0x00000000c56fffe8, 0x00000000c5700000| 99%| O|  |TAMS 0x00000000c56fffe8, 0x00000000c5600000| Untracked 
|  87|0x00000000c5700000, 0x00000000c5700000, 0x00000000c5800000|  0%| F|  |TAMS 0x00000000c5700000, 0x00000000c5700000| Untracked 
|  88|0x00000000c5800000, 0x00000000c5800000, 0x00000000c5900000|  0%| F|  |TAMS 0x00000000c5800000, 0x00000000c5800000| Untracked 
|  89|0x00000000c5900000, 0x00000000c5900000, 0x00000000c5a00000|  0%| F|  |TAMS 0x00000000c5900000, 0x00000000c5900000| Untracked 
|  90|0x00000000c5a00000, 0x00000000c5a00000, 0x00000000c5b00000|  0%| F|  |TAMS 0x00000000c5a00000, 0x00000000c5a00000| Untracked 
|  91|0x00000000c5b00000, 0x00000000c5b00000, 0x00000000c5c00000|  0%| F|  |TAMS 0x00000000c5b00000, 0x00000000c5b00000| Untracked 
|  92|0x00000000c5c00000, 0x00000000c5d00000, 0x00000000c5d00000|100%|HS|  |TAMS 0x00000000c5d00000, 0x00000000c5c00000| Untracked 
|  93|0x00000000c5d00000, 0x00000000c5d00000, 0x00000000c5e00000|  0%| F|  |TAMS 0x00000000c5d00000, 0x00000000c5d00000| Untracked 
|  94|0x00000000c5e00000, 0x00000000c5e00000, 0x00000000c5f00000|  0%| F|  |TAMS 0x00000000c5e00000, 0x00000000c5e00000| Untracked 
|  95|0x00000000c5f00000, 0x00000000c5f00000, 0x00000000c6000000|  0%| F|  |TAMS 0x00000000c5f00000, 0x00000000c5f00000| Untracked 
|  96|0x00000000c6000000, 0x00000000c6000000, 0x00000000c6100000|  0%| F|  |TAMS 0x00000000c6000000, 0x00000000c6000000| Untracked 
|  97|0x00000000c6100000, 0x00000000c6100000, 0x00000000c6200000|  0%| F|  |TAMS 0x00000000c6100000, 0x00000000c6100000| Untracked 
|  98|0x00000000c6200000, 0x00000000c62ffff0, 0x00000000c6300000| 99%| O|  |TAMS 0x00000000c62ffff0, 0x00000000c6200000| Untracked 
|  99|0x00000000c6300000, 0x00000000c6300000, 0x00000000c6400000|  0%| F|  |TAMS 0x00000000c6300000, 0x00000000c6300000| Untracked 
| 100|0x00000000c6400000, 0x00000000c6400000, 0x00000000c6500000|  0%| F|  |TAMS 0x00000000c6400000, 0x00000000c6400000| Untracked 
| 101|0x00000000c6500000, 0x00000000c6500000, 0x00000000c6600000|  0%| F|  |TAMS 0x00000000c6500000, 0x00000000c6500000| Untracked 
| 102|0x00000000c6600000, 0x00000000c6600000, 0x00000000c6700000|  0%| F|  |TAMS 0x00000000c6600000, 0x00000000c6600000| Untracked 
| 103|0x00000000c6700000, 0x00000000c6700000, 0x00000000c6800000|  0%| F|  |TAMS 0x00000000c6700000, 0x00000000c6700000| Untracked 
| 104|0x00000000c6800000, 0x00000000c6800000, 0x00000000c6900000|  0%| F|  |TAMS 0x00000000c6800000, 0x00000000c6800000| Untracked 
| 105|0x00000000c6900000, 0x00000000c6900000, 0x00000000c6a00000|  0%| F|  |TAMS 0x00000000c6900000, 0x00000000c6900000| Untracked 
| 106|0x00000000c6a00000, 0x00000000c6a00000, 0x00000000c6b00000|  0%| F|  |TAMS 0x00000000c6a00000, 0x00000000c6a00000| Untracked 
| 107|0x00000000c6b00000, 0x00000000c6bfffd0, 0x00000000c6c00000| 99%| O|  |TAMS 0x00000000c6bfffd0, 0x00000000c6b00000| Untracked 
| 108|0x00000000c6c00000, 0x00000000c6cfffd8, 0x00000000c6d00000| 99%| O|  |TAMS 0x00000000c6cfffd8, 0x00000000c6c00000| Untracked 
| 109|0x00000000c6d00000, 0x00000000c6d00000, 0x00000000c6e00000|  0%| F|  |TAMS 0x00000000c6d00000, 0x00000000c6d00000| Untracked 
| 110|0x00000000c6e00000, 0x00000000c6efffc8, 0x00000000c6f00000| 99%| O|  |TAMS 0x00000000c6efffc8, 0x00000000c6e00000| Untracked 
| 111|0x00000000c6f00000, 0x00000000c6f00000, 0x00000000c7000000|  0%| F|  |TAMS 0x00000000c6f00000, 0x00000000c6f00000| Untracked 
| 112|0x00000000c7000000, 0x00000000c7000000, 0x00000000c7100000|  0%| F|  |TAMS 0x00000000c7000000, 0x00000000c7000000| Untracked 
| 113|0x00000000c7100000, 0x00000000c7100000, 0x00000000c7200000|  0%| F|  |TAMS 0x00000000c7100000, 0x00000000c7100000| Untracked 
| 114|0x00000000c7200000, 0x00000000c7200000, 0x00000000c7300000|  0%| F|  |TAMS 0x00000000c7200000, 0x00000000c7200000| Untracked 
| 115|0x00000000c7300000, 0x00000000c7300000, 0x00000000c7400000|  0%| F|  |TAMS 0x00000000c7300000, 0x00000000c7300000| Untracked 
| 116|0x00000000c7400000, 0x00000000c74ffff8, 0x00000000c7500000| 99%| O|  |TAMS 0x00000000c74ffff8, 0x00000000c7400000| Untracked 
| 117|0x00000000c7500000, 0x00000000c7500000, 0x00000000c7600000|  0%| F|  |TAMS 0x00000000c7500000, 0x00000000c7500000| Untracked 
| 118|0x00000000c7600000, 0x00000000c76fffd0, 0x00000000c7700000| 99%| O|  |TAMS 0x00000000c76fffd0, 0x00000000c7600000| Untracked 
| 119|0x00000000c7700000, 0x00000000c77ffff0, 0x00000000c7800000| 99%| O|  |TAMS 0x00000000c77ffff0, 0x00000000c7700000| Untracked 
| 120|0x00000000c7800000, 0x00000000c7800000, 0x00000000c7900000|  0%| F|  |TAMS 0x00000000c7800000, 0x00000000c7800000| Untracked 
| 121|0x00000000c7900000, 0x00000000c7900000, 0x00000000c7a00000|  0%| F|  |TAMS 0x00000000c7900000, 0x00000000c7900000| Untracked 
| 122|0x00000000c7a00000, 0x00000000c7a00000, 0x00000000c7b00000|  0%| F|  |TAMS 0x00000000c7a00000, 0x00000000c7a00000| Untracked 
| 123|0x00000000c7b00000, 0x00000000c7b00000, 0x00000000c7c00000|  0%| F|  |TAMS 0x00000000c7b00000, 0x00000000c7b00000| Untracked 
| 124|0x00000000c7c00000, 0x00000000c7c00000, 0x00000000c7d00000|  0%| F|  |TAMS 0x00000000c7c00000, 0x00000000c7c00000| Untracked 
| 125|0x00000000c7d00000, 0x00000000c7dffff0, 0x00000000c7e00000| 99%| O|  |TAMS 0x00000000c7dffff0, 0x00000000c7d00000| Untracked 
| 126|0x00000000c7e00000, 0x00000000c7e00000, 0x00000000c7f00000|  0%| F|  |TAMS 0x00000000c7e00000, 0x00000000c7e00000| Untracked 
| 127|0x00000000c7f00000, 0x00000000c7fffff8, 0x00000000c8000000| 99%| O|  |TAMS 0x00000000c7fffff8, 0x00000000c7f00000| Untracked 
| 128|0x00000000c8000000, 0x00000000c8000000, 0x00000000c8100000|  0%| F|  |TAMS 0x00000000c8000000, 0x00000000c8000000| Untracked 
| 129|0x00000000c8100000, 0x00000000c8100000, 0x00000000c8200000|  0%| F|  |TAMS 0x00000000c8100000, 0x00000000c8100000| Untracked 
| 130|0x00000000c8200000, 0x00000000c82fffe8, 0x00000000c8300000| 99%| O|  |TAMS 0x00000000c82fffe8, 0x00000000c8200000| Untracked 
| 131|0x00000000c8300000, 0x00000000c8300000, 0x00000000c8400000|  0%| F|  |TAMS 0x00000000c8300000, 0x00000000c8300000| Untracked 
| 132|0x00000000c8400000, 0x00000000c8400000, 0x00000000c8500000|  0%| F|  |TAMS 0x00000000c8400000, 0x00000000c8400000| Untracked 
| 133|0x00000000c8500000, 0x00000000c8500000, 0x00000000c8600000|  0%| F|  |TAMS 0x00000000c8500000, 0x00000000c8500000| Untracked 
| 134|0x00000000c8600000, 0x00000000c8600000, 0x00000000c8700000|  0%| F|  |TAMS 0x00000000c8600000, 0x00000000c8600000| Untracked 
| 135|0x00000000c8700000, 0x00000000c8700000, 0x00000000c8800000|  0%| F|  |TAMS 0x00000000c8700000, 0x00000000c8700000| Untracked 
| 136|0x00000000c8800000, 0x00000000c8800000, 0x00000000c8900000|  0%| F|  |TAMS 0x00000000c8800000, 0x00000000c8800000| Untracked 
| 137|0x00000000c8900000, 0x00000000c8900000, 0x00000000c8a00000|  0%| F|  |TAMS 0x00000000c8900000, 0x00000000c8900000| Untracked 
| 138|0x00000000c8a00000, 0x00000000c8a00000, 0x00000000c8b00000|  0%| F|  |TAMS 0x00000000c8a00000, 0x00000000c8a00000| Untracked 
| 139|0x00000000c8b00000, 0x00000000c8b00000, 0x00000000c8c00000|  0%| F|  |TAMS 0x00000000c8b00000, 0x00000000c8b00000| Untracked 
| 140|0x00000000c8c00000, 0x00000000c8cfa428, 0x00000000c8d00000| 97%| O|  |TAMS 0x00000000c8cfa428, 0x00000000c8c00000| Untracked 
| 141|0x00000000c8d00000, 0x00000000c8d00000, 0x00000000c8e00000|  0%| F|  |TAMS 0x00000000c8d00000, 0x00000000c8d00000| Untracked 
| 142|0x00000000c8e00000, 0x00000000c8e00000, 0x00000000c8f00000|  0%| F|  |TAMS 0x00000000c8e00000, 0x00000000c8e00000| Untracked 
| 143|0x00000000c8f00000, 0x00000000c8f00000, 0x00000000c9000000|  0%| F|  |TAMS 0x00000000c8f00000, 0x00000000c8f00000| Untracked 
| 144|0x00000000c9000000, 0x00000000c9000000, 0x00000000c9100000|  0%| F|  |TAMS 0x00000000c9000000, 0x00000000c9000000| Untracked 
| 145|0x00000000c9100000, 0x00000000c9100000, 0x00000000c9200000|  0%| F|  |TAMS 0x00000000c9100000, 0x00000000c9100000| Untracked 
| 146|0x00000000c9200000, 0x00000000c9200000, 0x00000000c9300000|  0%| F|  |TAMS 0x00000000c9200000, 0x00000000c9200000| Untracked 
| 147|0x00000000c9300000, 0x00000000c9300000, 0x00000000c9400000|  0%| F|  |TAMS 0x00000000c9300000, 0x00000000c9300000| Untracked 
| 148|0x00000000c9400000, 0x00000000c9400000, 0x00000000c9500000|  0%| F|  |TAMS 0x00000000c9400000, 0x00000000c9400000| Untracked 
| 149|0x00000000c9500000, 0x00000000c9500000, 0x00000000c9600000|  0%| F|  |TAMS 0x00000000c9500000, 0x00000000c9500000| Untracked 
| 150|0x00000000c9600000, 0x00000000c9600000, 0x00000000c9700000|  0%| F|  |TAMS 0x00000000c9600000, 0x00000000c9600000| Untracked 
| 151|0x00000000c9700000, 0x00000000c9700000, 0x00000000c9800000|  0%| F|  |TAMS 0x00000000c9700000, 0x00000000c9700000| Untracked 
| 152|0x00000000c9800000, 0x00000000c9800000, 0x00000000c9900000|  0%| F|  |TAMS 0x00000000c9800000, 0x00000000c9800000| Untracked 
| 153|0x00000000c9900000, 0x00000000c9900000, 0x00000000c9a00000|  0%| F|  |TAMS 0x00000000c9900000, 0x00000000c9900000| Untracked 
| 154|0x00000000c9a00000, 0x00000000c9a00000, 0x00000000c9b00000|  0%| F|  |TAMS 0x00000000c9a00000, 0x00000000c9a00000| Untracked 
| 155|0x00000000c9b00000, 0x00000000c9b00000, 0x00000000c9c00000|  0%| F|  |TAMS 0x00000000c9b00000, 0x00000000c9b00000| Untracked 
| 156|0x00000000c9c00000, 0x00000000c9c00000, 0x00000000c9d00000|  0%| F|  |TAMS 0x00000000c9c00000, 0x00000000c9c00000| Untracked 
| 157|0x00000000c9d00000, 0x00000000c9d00000, 0x00000000c9e00000|  0%| F|  |TAMS 0x00000000c9d00000, 0x00000000c9d00000| Untracked 
| 158|0x00000000c9e00000, 0x00000000c9e00000, 0x00000000c9f00000|  0%| F|  |TAMS 0x00000000c9e00000, 0x00000000c9e00000| Untracked 
| 159|0x00000000c9f00000, 0x00000000c9f00000, 0x00000000ca000000|  0%| F|  |TAMS 0x00000000c9f00000, 0x00000000c9f00000| Untracked 
| 160|0x00000000ca000000, 0x00000000ca000000, 0x00000000ca100000|  0%| F|  |TAMS 0x00000000ca000000, 0x00000000ca000000| Untracked 
| 161|0x00000000ca100000, 0x00000000ca100000, 0x00000000ca200000|  0%| F|  |TAMS 0x00000000ca100000, 0x00000000ca100000| Untracked 
| 162|0x00000000ca200000, 0x00000000ca200000, 0x00000000ca300000|  0%| F|  |TAMS 0x00000000ca200000, 0x00000000ca200000| Untracked 
| 163|0x00000000ca300000, 0x00000000ca300000, 0x00000000ca400000|  0%| F|  |TAMS 0x00000000ca300000, 0x00000000ca300000| Untracked 
| 164|0x00000000ca400000, 0x00000000ca400000, 0x00000000ca500000|  0%| F|  |TAMS 0x00000000ca400000, 0x00000000ca400000| Untracked 
| 165|0x00000000ca500000, 0x00000000ca500000, 0x00000000ca600000|  0%| F|  |TAMS 0x00000000ca500000, 0x00000000ca500000| Untracked 
| 166|0x00000000ca600000, 0x00000000ca600000, 0x00000000ca700000|  0%| F|  |TAMS 0x00000000ca600000, 0x00000000ca600000| Untracked 
| 167|0x00000000ca700000, 0x00000000ca700000, 0x00000000ca800000|  0%| F|  |TAMS 0x00000000ca700000, 0x00000000ca700000| Untracked 
| 168|0x00000000ca800000, 0x00000000ca800000, 0x00000000ca900000|  0%| F|  |TAMS 0x00000000ca800000, 0x00000000ca800000| Untracked 
| 169|0x00000000ca900000, 0x00000000ca900000, 0x00000000caa00000|  0%| F|  |TAMS 0x00000000ca900000, 0x00000000ca900000| Untracked 
| 170|0x00000000caa00000, 0x00000000caa00000, 0x00000000cab00000|  0%| F|  |TAMS 0x00000000caa00000, 0x00000000caa00000| Untracked 
| 171|0x00000000cab00000, 0x00000000cab00000, 0x00000000cac00000|  0%| F|  |TAMS 0x00000000cab00000, 0x00000000cab00000| Untracked 
| 172|0x00000000cac00000, 0x00000000cac00000, 0x00000000cad00000|  0%| F|  |TAMS 0x00000000cac00000, 0x00000000cac00000| Untracked 
| 173|0x00000000cad00000, 0x00000000cad00000, 0x00000000cae00000|  0%| F|  |TAMS 0x00000000cad00000, 0x00000000cad00000| Untracked 
| 174|0x00000000cae00000, 0x00000000cae00000, 0x00000000caf00000|  0%| F|  |TAMS 0x00000000cae00000, 0x00000000cae00000| Untracked 
| 175|0x00000000caf00000, 0x00000000caf00000, 0x00000000cb000000|  0%| F|  |TAMS 0x00000000caf00000, 0x00000000caf00000| Untracked 
| 176|0x00000000cb000000, 0x00000000cb000000, 0x00000000cb100000|  0%| F|  |TAMS 0x00000000cb000000, 0x00000000cb000000| Untracked 
| 177|0x00000000cb100000, 0x00000000cb100000, 0x00000000cb200000|  0%| F|  |TAMS 0x00000000cb100000, 0x00000000cb100000| Untracked 
| 178|0x00000000cb200000, 0x00000000cb200000, 0x00000000cb300000|  0%| F|  |TAMS 0x00000000cb200000, 0x00000000cb200000| Untracked 
| 179|0x00000000cb300000, 0x00000000cb300000, 0x00000000cb400000|  0%| F|  |TAMS 0x00000000cb300000, 0x00000000cb300000| Untracked 
| 180|0x00000000cb400000, 0x00000000cb400000, 0x00000000cb500000|  0%| F|  |TAMS 0x00000000cb400000, 0x00000000cb400000| Untracked 
| 181|0x00000000cb500000, 0x00000000cb500000, 0x00000000cb600000|  0%| F|  |TAMS 0x00000000cb500000, 0x00000000cb500000| Untracked 
| 182|0x00000000cb600000, 0x00000000cb600000, 0x00000000cb700000|  0%| F|  |TAMS 0x00000000cb600000, 0x00000000cb600000| Untracked 
| 183|0x00000000cb700000, 0x00000000cb700000, 0x00000000cb800000|  0%| F|  |TAMS 0x00000000cb700000, 0x00000000cb700000| Untracked 
| 184|0x00000000cb800000, 0x00000000cb800000, 0x00000000cb900000|  0%| F|  |TAMS 0x00000000cb800000, 0x00000000cb800000| Untracked 
| 185|0x00000000cb900000, 0x00000000cb900000, 0x00000000cba00000|  0%| F|  |TAMS 0x00000000cb900000, 0x00000000cb900000| Untracked 
| 186|0x00000000cba00000, 0x00000000cba00000, 0x00000000cbb00000|  0%| F|  |TAMS 0x00000000cba00000, 0x00000000cba00000| Untracked 
| 187|0x00000000cbb00000, 0x00000000cbb00000, 0x00000000cbc00000|  0%| F|  |TAMS 0x00000000cbb00000, 0x00000000cbb00000| Untracked 
| 188|0x00000000cbc00000, 0x00000000cbc00000, 0x00000000cbd00000|  0%| F|  |TAMS 0x00000000cbc00000, 0x00000000cbc00000| Untracked 
| 189|0x00000000cbd00000, 0x00000000cbd00000, 0x00000000cbe00000|  0%| F|  |TAMS 0x00000000cbd00000, 0x00000000cbd00000| Untracked 
| 190|0x00000000cbe00000, 0x00000000cbe00000, 0x00000000cbf00000|  0%| F|  |TAMS 0x00000000cbe00000, 0x00000000cbe00000| Untracked 
| 191|0x00000000cbf00000, 0x00000000cbf00000, 0x00000000cc000000|  0%| F|  |TAMS 0x00000000cbf00000, 0x00000000cbf00000| Untracked 
| 192|0x00000000cc000000, 0x00000000cc000000, 0x00000000cc100000|  0%| F|  |TAMS 0x00000000cc000000, 0x00000000cc000000| Untracked 
| 193|0x00000000cc100000, 0x00000000cc100000, 0x00000000cc200000|  0%| F|  |TAMS 0x00000000cc100000, 0x00000000cc100000| Untracked 
| 194|0x00000000cc200000, 0x00000000cc200000, 0x00000000cc300000|  0%| F|  |TAMS 0x00000000cc200000, 0x00000000cc200000| Untracked 
| 195|0x00000000cc300000, 0x00000000cc300000, 0x00000000cc400000|  0%| F|  |TAMS 0x00000000cc300000, 0x00000000cc300000| Untracked 
| 196|0x00000000cc400000, 0x00000000cc400000, 0x00000000cc500000|  0%| F|  |TAMS 0x00000000cc400000, 0x00000000cc400000| Untracked 
| 197|0x00000000cc500000, 0x00000000cc500000, 0x00000000cc600000|  0%| F|  |TAMS 0x00000000cc500000, 0x00000000cc500000| Untracked 
| 198|0x00000000cc600000, 0x00000000cc600000, 0x00000000cc700000|  0%| F|  |TAMS 0x00000000cc600000, 0x00000000cc600000| Untracked 
| 199|0x00000000cc700000, 0x00000000cc700000, 0x00000000cc800000|  0%| F|  |TAMS 0x00000000cc700000, 0x00000000cc700000| Untracked 
| 200|0x00000000cc800000, 0x00000000cc800000, 0x00000000cc900000|  0%| F|  |TAMS 0x00000000cc800000, 0x00000000cc800000| Untracked 
| 201|0x00000000cc900000, 0x00000000cc900000, 0x00000000cca00000|  0%| F|  |TAMS 0x00000000cc900000, 0x00000000cc900000| Untracked 
| 202|0x00000000cca00000, 0x00000000cca00000, 0x00000000ccb00000|  0%| F|  |TAMS 0x00000000cca00000, 0x00000000cca00000| Untracked 
| 203|0x00000000ccb00000, 0x00000000ccb00000, 0x00000000ccc00000|  0%| F|  |TAMS 0x00000000ccb00000, 0x00000000ccb00000| Untracked 
| 204|0x00000000ccc00000, 0x00000000ccc00000, 0x00000000ccd00000|  0%| F|  |TAMS 0x00000000ccc00000, 0x00000000ccc00000| Untracked 
| 205|0x00000000ccd00000, 0x00000000ccd00000, 0x00000000cce00000|  0%| F|  |TAMS 0x00000000ccd00000, 0x00000000ccd00000| Untracked 
| 206|0x00000000cce00000, 0x00000000cce00000, 0x00000000ccf00000|  0%| F|  |TAMS 0x00000000cce00000, 0x00000000cce00000| Untracked 
| 207|0x00000000ccf00000, 0x00000000ccf00000, 0x00000000cd000000|  0%| F|  |TAMS 0x00000000ccf00000, 0x00000000ccf00000| Untracked 
| 208|0x00000000cd000000, 0x00000000cd000000, 0x00000000cd100000|  0%| F|  |TAMS 0x00000000cd000000, 0x00000000cd000000| Untracked 
| 209|0x00000000cd100000, 0x00000000cd100000, 0x00000000cd200000|  0%| F|  |TAMS 0x00000000cd100000, 0x00000000cd100000| Untracked 
| 210|0x00000000cd200000, 0x00000000cd200000, 0x00000000cd300000|  0%| F|  |TAMS 0x00000000cd200000, 0x00000000cd200000| Untracked 
| 211|0x00000000cd300000, 0x00000000cd300000, 0x00000000cd400000|  0%| F|  |TAMS 0x00000000cd300000, 0x00000000cd300000| Untracked 
| 212|0x00000000cd400000, 0x00000000cd400000, 0x00000000cd500000|  0%| F|  |TAMS 0x00000000cd400000, 0x00000000cd400000| Untracked 
| 213|0x00000000cd500000, 0x00000000cd500000, 0x00000000cd600000|  0%| F|  |TAMS 0x00000000cd500000, 0x00000000cd500000| Untracked 
| 214|0x00000000cd600000, 0x00000000cd600000, 0x00000000cd700000|  0%| F|  |TAMS 0x00000000cd600000, 0x00000000cd600000| Untracked 
| 215|0x00000000cd700000, 0x00000000cd700000, 0x00000000cd800000|  0%| F|  |TAMS 0x00000000cd700000, 0x00000000cd700000| Untracked 
| 216|0x00000000cd800000, 0x00000000cd800000, 0x00000000cd900000|  0%| F|  |TAMS 0x00000000cd800000, 0x00000000cd800000| Untracked 
| 217|0x00000000cd900000, 0x00000000cd900000, 0x00000000cda00000|  0%| F|  |TAMS 0x00000000cd900000, 0x00000000cd900000| Untracked 
| 218|0x00000000cda00000, 0x00000000cda00000, 0x00000000cdb00000|  0%| F|  |TAMS 0x00000000cda00000, 0x00000000cda00000| Untracked 
| 219|0x00000000cdb00000, 0x00000000cdb00000, 0x00000000cdc00000|  0%| F|  |TAMS 0x00000000cdb00000, 0x00000000cdb00000| Untracked 
| 220|0x00000000cdc00000, 0x00000000cdc00000, 0x00000000cdd00000|  0%| F|  |TAMS 0x00000000cdc00000, 0x00000000cdc00000| Untracked 
| 221|0x00000000cdd00000, 0x00000000cdd00000, 0x00000000cde00000|  0%| F|  |TAMS 0x00000000cdd00000, 0x00000000cdd00000| Untracked 
| 222|0x00000000cde00000, 0x00000000cde00000, 0x00000000cdf00000|  0%| F|  |TAMS 0x00000000cde00000, 0x00000000cde00000| Untracked 
| 223|0x00000000cdf00000, 0x00000000cdf00000, 0x00000000ce000000|  0%| F|  |TAMS 0x00000000cdf00000, 0x00000000cdf00000| Untracked 
| 224|0x00000000ce000000, 0x00000000ce000000, 0x00000000ce100000|  0%| F|  |TAMS 0x00000000ce000000, 0x00000000ce000000| Untracked 
| 225|0x00000000ce100000, 0x00000000ce100000, 0x00000000ce200000|  0%| F|  |TAMS 0x00000000ce100000, 0x00000000ce100000| Untracked 
| 226|0x00000000ce200000, 0x00000000ce200000, 0x00000000ce300000|  0%| F|  |TAMS 0x00000000ce200000, 0x00000000ce200000| Untracked 
| 227|0x00000000ce300000, 0x00000000ce300000, 0x00000000ce400000|  0%| F|  |TAMS 0x00000000ce300000, 0x00000000ce300000| Untracked 
| 228|0x00000000ce400000, 0x00000000ce400000, 0x00000000ce500000|  0%| F|  |TAMS 0x00000000ce400000, 0x00000000ce400000| Untracked 
| 229|0x00000000ce500000, 0x00000000ce600000, 0x00000000ce600000|100%|HS|  |TAMS 0x00000000ce600000, 0x00000000ce500000| Untracked 
| 230|0x00000000ce600000, 0x00000000ce700000, 0x00000000ce700000|100%|HC|  |TAMS 0x00000000ce700000, 0x00000000ce600000| Untracked 
| 231|0x00000000ce700000, 0x00000000ce800000, 0x00000000ce800000|100%|HC|  |TAMS 0x00000000ce800000, 0x00000000ce700000| Untracked 
| 232|0x00000000ce800000, 0x00000000ce800000, 0x00000000ce900000|  0%| F|  |TAMS 0x00000000ce800000, 0x00000000ce800000| Untracked 
| 233|0x00000000ce900000, 0x00000000ce900000, 0x00000000cea00000|  0%| F|  |TAMS 0x00000000ce900000, 0x00000000ce900000| Untracked 
| 234|0x00000000cea00000, 0x00000000cea00000, 0x00000000ceb00000|  0%| F|  |TAMS 0x00000000cea00000, 0x00000000cea00000| Untracked 
| 235|0x00000000ceb00000, 0x00000000ceb00000, 0x00000000cec00000|  0%| F|  |TAMS 0x00000000ceb00000, 0x00000000ceb00000| Untracked 
| 236|0x00000000cec00000, 0x00000000cec00000, 0x00000000ced00000|  0%| F|  |TAMS 0x00000000cec00000, 0x00000000cec00000| Untracked 
| 237|0x00000000ced00000, 0x00000000ced00000, 0x00000000cee00000|  0%| F|  |TAMS 0x00000000ced00000, 0x00000000ced00000| Untracked 
| 238|0x00000000cee00000, 0x00000000cee00000, 0x00000000cef00000|  0%| F|  |TAMS 0x00000000cee00000, 0x00000000cee00000| Untracked 
| 239|0x00000000cef00000, 0x00000000cef00000, 0x00000000cf000000|  0%| F|  |TAMS 0x00000000cef00000, 0x00000000cef00000| Untracked 
| 240|0x00000000cf000000, 0x00000000cf000000, 0x00000000cf100000|  0%| F|  |TAMS 0x00000000cf000000, 0x00000000cf000000| Untracked 
| 241|0x00000000cf100000, 0x00000000cf100000, 0x00000000cf200000|  0%| F|  |TAMS 0x00000000cf100000, 0x00000000cf100000| Untracked 
| 242|0x00000000cf200000, 0x00000000cf200000, 0x00000000cf300000|  0%| F|  |TAMS 0x00000000cf200000, 0x00000000cf200000| Untracked 
| 243|0x00000000cf300000, 0x00000000cf300000, 0x00000000cf400000|  0%| F|  |TAMS 0x00000000cf300000, 0x00000000cf300000| Untracked 
| 244|0x00000000cf400000, 0x00000000cf400000, 0x00000000cf500000|  0%| F|  |TAMS 0x00000000cf400000, 0x00000000cf400000| Untracked 
| 245|0x00000000cf500000, 0x00000000cf500000, 0x00000000cf600000|  0%| F|  |TAMS 0x00000000cf500000, 0x00000000cf500000| Untracked 
| 246|0x00000000cf600000, 0x00000000cf600000, 0x00000000cf700000|  0%| F|  |TAMS 0x00000000cf600000, 0x00000000cf600000| Untracked 
| 247|0x00000000cf700000, 0x00000000cf700000, 0x00000000cf800000|  0%| F|  |TAMS 0x00000000cf700000, 0x00000000cf700000| Untracked 
| 248|0x00000000cf800000, 0x00000000cf800000, 0x00000000cf900000|  0%| F|  |TAMS 0x00000000cf800000, 0x00000000cf800000| Untracked 
| 249|0x00000000cf900000, 0x00000000cf900000, 0x00000000cfa00000|  0%| F|  |TAMS 0x00000000cf900000, 0x00000000cf900000| Untracked 
| 250|0x00000000cfa00000, 0x00000000cfa00000, 0x00000000cfb00000|  0%| F|  |TAMS 0x00000000cfa00000, 0x00000000cfa00000| Untracked 
| 251|0x00000000cfb00000, 0x00000000cfb00000, 0x00000000cfc00000|  0%| F|  |TAMS 0x00000000cfb00000, 0x00000000cfb00000| Untracked 
| 252|0x00000000cfc00000, 0x00000000cfc00000, 0x00000000cfd00000|  0%| F|  |TAMS 0x00000000cfc00000, 0x00000000cfc00000| Untracked 
| 253|0x00000000cfd00000, 0x00000000cfd00000, 0x00000000cfe00000|  0%| F|  |TAMS 0x00000000cfd00000, 0x00000000cfd00000| Untracked 
| 254|0x00000000cfe00000, 0x00000000cfe00000, 0x00000000cff00000|  0%| F|  |TAMS 0x00000000cfe00000, 0x00000000cfe00000| Untracked 
| 255|0x00000000cff00000, 0x00000000cff00000, 0x00000000d0000000|  0%| F|  |TAMS 0x00000000cff00000, 0x00000000cff00000| Untracked 
| 256|0x00000000d0000000, 0x00000000d0000000, 0x00000000d0100000|  0%| F|  |TAMS 0x00000000d0000000, 0x00000000d0000000| Untracked 
| 257|0x00000000d0100000, 0x00000000d0100000, 0x00000000d0200000|  0%| F|  |TAMS 0x00000000d0100000, 0x00000000d0100000| Untracked 
| 258|0x00000000d0200000, 0x00000000d0200000, 0x00000000d0300000|  0%| F|  |TAMS 0x00000000d0200000, 0x00000000d0200000| Untracked 
| 259|0x00000000d0300000, 0x00000000d0300000, 0x00000000d0400000|  0%| F|  |TAMS 0x00000000d0300000, 0x00000000d0300000| Untracked 
| 260|0x00000000d0400000, 0x00000000d0400000, 0x00000000d0500000|  0%| F|  |TAMS 0x00000000d0400000, 0x00000000d0400000| Untracked 
| 261|0x00000000d0500000, 0x00000000d0500000, 0x00000000d0600000|  0%| F|  |TAMS 0x00000000d0500000, 0x00000000d0500000| Untracked 
| 262|0x00000000d0600000, 0x00000000d0600000, 0x00000000d0700000|  0%| F|  |TAMS 0x00000000d0600000, 0x00000000d0600000| Untracked 
| 263|0x00000000d0700000, 0x00000000d0700000, 0x00000000d0800000|  0%| F|  |TAMS 0x00000000d0700000, 0x00000000d0700000| Untracked 
| 264|0x00000000d0800000, 0x00000000d0800000, 0x00000000d0900000|  0%| F|  |TAMS 0x00000000d0800000, 0x00000000d0800000| Untracked 
| 265|0x00000000d0900000, 0x00000000d0900000, 0x00000000d0a00000|  0%| F|  |TAMS 0x00000000d0900000, 0x00000000d0900000| Untracked 
| 266|0x00000000d0a00000, 0x00000000d0a00000, 0x00000000d0b00000|  0%| F|  |TAMS 0x00000000d0a00000, 0x00000000d0a00000| Untracked 
| 267|0x00000000d0b00000, 0x00000000d0b00000, 0x00000000d0c00000|  0%| F|  |TAMS 0x00000000d0b00000, 0x00000000d0b00000| Untracked 
| 268|0x00000000d0c00000, 0x00000000d0c00000, 0x00000000d0d00000|  0%| F|  |TAMS 0x00000000d0c00000, 0x00000000d0c00000| Untracked 
| 269|0x00000000d0d00000, 0x00000000d0d00000, 0x00000000d0e00000|  0%| F|  |TAMS 0x00000000d0d00000, 0x00000000d0d00000| Untracked 
| 270|0x00000000d0e00000, 0x00000000d0e00000, 0x00000000d0f00000|  0%| F|  |TAMS 0x00000000d0e00000, 0x00000000d0e00000| Untracked 
| 271|0x00000000d0f00000, 0x00000000d0f00000, 0x00000000d1000000|  0%| F|  |TAMS 0x00000000d0f00000, 0x00000000d0f00000| Untracked 
| 272|0x00000000d1000000, 0x00000000d1000000, 0x00000000d1100000|  0%| F|  |TAMS 0x00000000d1000000, 0x00000000d1000000| Untracked 
| 273|0x00000000d1100000, 0x00000000d1100000, 0x00000000d1200000|  0%| F|  |TAMS 0x00000000d1100000, 0x00000000d1100000| Untracked 
| 274|0x00000000d1200000, 0x00000000d1200000, 0x00000000d1300000|  0%| F|  |TAMS 0x00000000d1200000, 0x00000000d1200000| Untracked 
| 275|0x00000000d1300000, 0x00000000d1300000, 0x00000000d1400000|  0%| F|  |TAMS 0x00000000d1300000, 0x00000000d1300000| Untracked 
| 276|0x00000000d1400000, 0x00000000d1400000, 0x00000000d1500000|  0%| F|  |TAMS 0x00000000d1400000, 0x00000000d1400000| Untracked 
| 277|0x00000000d1500000, 0x00000000d1500000, 0x00000000d1600000|  0%| F|  |TAMS 0x00000000d1500000, 0x00000000d1500000| Untracked 
| 278|0x00000000d1600000, 0x00000000d1600000, 0x00000000d1700000|  0%| F|  |TAMS 0x00000000d1600000, 0x00000000d1600000| Untracked 
| 279|0x00000000d1700000, 0x00000000d1700000, 0x00000000d1800000|  0%| F|  |TAMS 0x00000000d1700000, 0x00000000d1700000| Untracked 
| 280|0x00000000d1800000, 0x00000000d1800000, 0x00000000d1900000|  0%| F|  |TAMS 0x00000000d1800000, 0x00000000d1800000| Untracked 
| 281|0x00000000d1900000, 0x00000000d1900000, 0x00000000d1a00000|  0%| F|  |TAMS 0x00000000d1900000, 0x00000000d1900000| Untracked 
| 282|0x00000000d1a00000, 0x00000000d1afffe8, 0x00000000d1b00000| 99%| O|  |TAMS 0x00000000d1afffe8, 0x00000000d1a00000| Untracked 
| 283|0x00000000d1b00000, 0x00000000d1b00000, 0x00000000d1c00000|  0%| F|  |TAMS 0x00000000d1b00000, 0x00000000d1b00000| Untracked 
| 284|0x00000000d1c00000, 0x00000000d1c00000, 0x00000000d1d00000|  0%| F|  |TAMS 0x00000000d1c00000, 0x00000000d1c00000| Untracked 
| 285|0x00000000d1d00000, 0x00000000d1d00000, 0x00000000d1e00000|  0%| F|  |TAMS 0x00000000d1d00000, 0x00000000d1d00000| Untracked 
| 286|0x00000000d1e00000, 0x00000000d1e00000, 0x00000000d1f00000|  0%| F|  |TAMS 0x00000000d1e00000, 0x00000000d1e00000| Untracked 
| 287|0x00000000d1f00000, 0x00000000d2000000, 0x00000000d2000000|100%| O|  |TAMS 0x00000000d2000000, 0x00000000d1f00000| Untracked 
| 288|0x00000000d2000000, 0x00000000d2000000, 0x00000000d2100000|  0%| F|  |TAMS 0x00000000d2000000, 0x00000000d2000000| Untracked 
| 289|0x00000000d2100000, 0x00000000d2200000, 0x00000000d2200000|100%| O|  |TAMS 0x00000000d2200000, 0x00000000d2100000| Untracked 
| 290|0x00000000d2200000, 0x00000000d2200000, 0x00000000d2300000|  0%| F|  |TAMS 0x00000000d2200000, 0x00000000d2200000| Untracked 
| 291|0x00000000d2300000, 0x00000000d2300000, 0x00000000d2400000|  0%| F|  |TAMS 0x00000000d2300000, 0x00000000d2300000| Untracked 
| 292|0x00000000d2400000, 0x00000000d2400000, 0x00000000d2500000|  0%| F|  |TAMS 0x00000000d2400000, 0x00000000d2400000| Untracked 
| 293|0x00000000d2500000, 0x00000000d2500000, 0x00000000d2600000|  0%| F|  |TAMS 0x00000000d2500000, 0x00000000d2500000| Untracked 
| 294|0x00000000d2600000, 0x00000000d2600000, 0x00000000d2700000|  0%| F|  |TAMS 0x00000000d2600000, 0x00000000d2600000| Untracked 
| 295|0x00000000d2700000, 0x00000000d2700000, 0x00000000d2800000|  0%| F|  |TAMS 0x00000000d2700000, 0x00000000d2700000| Untracked 
| 296|0x00000000d2800000, 0x00000000d2800000, 0x00000000d2900000|  0%| F|  |TAMS 0x00000000d2800000, 0x00000000d2800000| Untracked 
| 297|0x00000000d2900000, 0x00000000d2900000, 0x00000000d2a00000|  0%| F|  |TAMS 0x00000000d2900000, 0x00000000d2900000| Untracked 
| 298|0x00000000d2a00000, 0x00000000d2a00000, 0x00000000d2b00000|  0%| F|  |TAMS 0x00000000d2a00000, 0x00000000d2a00000| Untracked 
| 299|0x00000000d2b00000, 0x00000000d2b00000, 0x00000000d2c00000|  0%| F|  |TAMS 0x00000000d2b00000, 0x00000000d2b00000| Untracked 
| 300|0x00000000d2c00000, 0x00000000d2c00000, 0x00000000d2d00000|  0%| F|  |TAMS 0x00000000d2c00000, 0x00000000d2c00000| Untracked 
| 301|0x00000000d2d00000, 0x00000000d2d00000, 0x00000000d2e00000|  0%| F|  |TAMS 0x00000000d2d00000, 0x00000000d2d00000| Untracked 
| 302|0x00000000d2e00000, 0x00000000d2e00000, 0x00000000d2f00000|  0%| F|  |TAMS 0x00000000d2e00000, 0x00000000d2e00000| Untracked 
| 303|0x00000000d2f00000, 0x00000000d2f00000, 0x00000000d3000000|  0%| F|  |TAMS 0x00000000d2f00000, 0x00000000d2f00000| Untracked 
| 304|0x00000000d3000000, 0x00000000d3000000, 0x00000000d3100000|  0%| F|  |TAMS 0x00000000d3000000, 0x00000000d3000000| Untracked 
| 305|0x00000000d3100000, 0x00000000d3100000, 0x00000000d3200000|  0%| F|  |TAMS 0x00000000d3100000, 0x00000000d3100000| Untracked 
| 306|0x00000000d3200000, 0x00000000d3200000, 0x00000000d3300000|  0%| F|  |TAMS 0x00000000d3200000, 0x00000000d3200000| Untracked 
| 307|0x00000000d3300000, 0x00000000d3300000, 0x00000000d3400000|  0%| F|  |TAMS 0x00000000d3300000, 0x00000000d3300000| Untracked 
| 308|0x00000000d3400000, 0x00000000d3400000, 0x00000000d3500000|  0%| F|  |TAMS 0x00000000d3400000, 0x00000000d3400000| Untracked 
| 309|0x00000000d3500000, 0x00000000d3500000, 0x00000000d3600000|  0%| F|  |TAMS 0x00000000d3500000, 0x00000000d3500000| Untracked 
| 310|0x00000000d3600000, 0x00000000d3600000, 0x00000000d3700000|  0%| F|  |TAMS 0x00000000d3600000, 0x00000000d3600000| Untracked 
| 311|0x00000000d3700000, 0x00000000d3700000, 0x00000000d3800000|  0%| F|  |TAMS 0x00000000d3700000, 0x00000000d3700000| Untracked 
| 312|0x00000000d3800000, 0x00000000d3800000, 0x00000000d3900000|  0%| F|  |TAMS 0x00000000d3800000, 0x00000000d3800000| Untracked 
| 313|0x00000000d3900000, 0x00000000d3900000, 0x00000000d3a00000|  0%| F|  |TAMS 0x00000000d3900000, 0x00000000d3900000| Untracked 
| 314|0x00000000d3a00000, 0x00000000d3a00000, 0x00000000d3b00000|  0%| F|  |TAMS 0x00000000d3a00000, 0x00000000d3a00000| Untracked 
| 315|0x00000000d3b00000, 0x00000000d3b00000, 0x00000000d3c00000|  0%| F|  |TAMS 0x00000000d3b00000, 0x00000000d3b00000| Untracked 
| 316|0x00000000d3c00000, 0x00000000d3c00000, 0x00000000d3d00000|  0%| F|  |TAMS 0x00000000d3c00000, 0x00000000d3c00000| Untracked 
| 317|0x00000000d3d00000, 0x00000000d3d00000, 0x00000000d3e00000|  0%| F|  |TAMS 0x00000000d3d00000, 0x00000000d3d00000| Untracked 
| 318|0x00000000d3e00000, 0x00000000d3e00000, 0x00000000d3f00000|  0%| F|  |TAMS 0x00000000d3e00000, 0x00000000d3e00000| Untracked 
| 319|0x00000000d3f00000, 0x00000000d3f00000, 0x00000000d4000000|  0%| F|  |TAMS 0x00000000d3f00000, 0x00000000d3f00000| Untracked 
| 320|0x00000000d4000000, 0x00000000d4000000, 0x00000000d4100000|  0%| F|  |TAMS 0x00000000d4000000, 0x00000000d4000000| Untracked 
| 321|0x00000000d4100000, 0x00000000d4100000, 0x00000000d4200000|  0%| F|  |TAMS 0x00000000d4100000, 0x00000000d4100000| Untracked 
| 322|0x00000000d4200000, 0x00000000d42fffd8, 0x00000000d4300000| 99%| O|  |TAMS 0x00000000d42fffd8, 0x00000000d4200000| Untracked 
| 323|0x00000000d4300000, 0x00000000d4300000, 0x00000000d4400000|  0%| F|  |TAMS 0x00000000d4300000, 0x00000000d4300000| Untracked 
| 324|0x00000000d4400000, 0x00000000d4400000, 0x00000000d4500000|  0%| F|  |TAMS 0x00000000d4400000, 0x00000000d4400000| Untracked 
| 325|0x00000000d4500000, 0x00000000d4500000, 0x00000000d4600000|  0%| F|  |TAMS 0x00000000d4500000, 0x00000000d4500000| Untracked 
| 326|0x00000000d4600000, 0x00000000d4600000, 0x00000000d4700000|  0%| F|  |TAMS 0x00000000d4600000, 0x00000000d4600000| Untracked 
| 327|0x00000000d4700000, 0x00000000d4700000, 0x00000000d4800000|  0%| F|  |TAMS 0x00000000d4700000, 0x00000000d4700000| Untracked 
| 328|0x00000000d4800000, 0x00000000d4800000, 0x00000000d4900000|  0%| F|  |TAMS 0x00000000d4800000, 0x00000000d4800000| Untracked 
| 329|0x00000000d4900000, 0x00000000d4900000, 0x00000000d4a00000|  0%| F|  |TAMS 0x00000000d4900000, 0x00000000d4900000| Untracked 
| 330|0x00000000d4a00000, 0x00000000d4a00000, 0x00000000d4b00000|  0%| F|  |TAMS 0x00000000d4a00000, 0x00000000d4a00000| Untracked 
| 331|0x00000000d4b00000, 0x00000000d4b00000, 0x00000000d4c00000|  0%| F|  |TAMS 0x00000000d4b00000, 0x00000000d4b00000| Untracked 
| 332|0x00000000d4c00000, 0x00000000d4c00000, 0x00000000d4d00000|  0%| F|  |TAMS 0x00000000d4c00000, 0x00000000d4c00000| Untracked 
| 333|0x00000000d4d00000, 0x00000000d4d00000, 0x00000000d4e00000|  0%| F|  |TAMS 0x00000000d4d00000, 0x00000000d4d00000| Untracked 
| 334|0x00000000d4e00000, 0x00000000d4e00000, 0x00000000d4f00000|  0%| F|  |TAMS 0x00000000d4e00000, 0x00000000d4e00000| Untracked 
| 335|0x00000000d4f00000, 0x00000000d4f00000, 0x00000000d5000000|  0%| F|  |TAMS 0x00000000d4f00000, 0x00000000d4f00000| Untracked 
| 336|0x00000000d5000000, 0x00000000d5000000, 0x00000000d5100000|  0%| F|  |TAMS 0x00000000d5000000, 0x00000000d5000000| Untracked 
| 337|0x00000000d5100000, 0x00000000d5100000, 0x00000000d5200000|  0%| F|  |TAMS 0x00000000d5100000, 0x00000000d5100000| Untracked 
| 338|0x00000000d5200000, 0x00000000d5200000, 0x00000000d5300000|  0%| F|  |TAMS 0x00000000d5200000, 0x00000000d5200000| Untracked 
| 339|0x00000000d5300000, 0x00000000d53060d0, 0x00000000d5400000|  2%| E|  |TAMS 0x00000000d5300000, 0x00000000d5300000| Complete 
| 353|0x00000000d6100000, 0x00000000d6200000, 0x00000000d6200000|100%| O|  |TAMS 0x00000000d6200000, 0x00000000d6100000| Untracked 
| 354|0x00000000d6200000, 0x00000000d6300000, 0x00000000d6300000|100%| O|  |TAMS 0x00000000d6300000, 0x00000000d6200000| Untracked 
| 392|0x00000000d8800000, 0x00000000d8900000, 0x00000000d8900000|100%| O|  |TAMS 0x00000000d8900000, 0x00000000d8800000| Untracked 
| 396|0x00000000d8c00000, 0x00000000d8d00000, 0x00000000d8d00000|100%| O|  |TAMS 0x00000000d8d00000, 0x00000000d8c00000| Untracked 

Card table byte_map: [0x0000021000000000,0x0000021000200000] _byte_map_base: 0x0000020fffa00000

Marking Bits (Prev, Next): (CMBitMap*) 0x000002107a0b60c0, (CMBitMap*) 0x000002107a0b6080
 Prev Bits: [0x0000021001400000, 0x0000021002400000)
 Next Bits: [0x0000021000400000, 0x0000021001400000)

Polling page: 0x0000021077ff0000

Metaspace:

Usage:
  Non-class:     64.86 MB used.
      Class:     10.34 MB used.
       Both:     75.20 MB used.

Virtual space:
  Non-class space:      128.00 MB reserved,      65.12 MB ( 51%) committed,  2 nodes.
      Class space:        1.00 GB reserved,      10.56 MB (  1%) committed,  1 nodes.
             Both:        1.12 GB reserved,      75.69 MB (  7%) committed. 

Chunk freelists:
   Non-Class:  14.09 MB
       Class:  5.28 MB
        Both:  19.37 MB

MaxMetaspaceSize: unlimited
CompressedClassSpaceSize: 1.00 GB
Initial GC threshold: 21.00 MB
Current GC threshold: 126.19 MB
CDS: off
MetaspaceReclaimPolicy: balanced
 - commit_granule_bytes: 65536.
 - commit_granule_words: 8192.
 - virtual_space_node_default_size: 8388608.
 - enlarge_chunks_in_place: 1.
 - new_chunks_are_fully_committed: 0.
 - uncommit_free_chunks: 1.
 - use_allocation_guard: 0.
 - handle_deallocations: 1.


Internal statistics:

num_allocs_failed_limit: 8.
num_arena_births: 1052.
num_arena_deaths: 400.
num_vsnodes_births: 3.
num_vsnodes_deaths: 0.
num_space_committed: 1211.
num_space_uncommitted: 0.
num_chunks_returned_to_freelist: 504.
num_chunks_taken_from_freelist: 3822.
num_chunk_merges: 160.
num_chunk_splits: 2478.
num_chunks_enlarged: 1801.
num_inconsistent_stats: 0.

CodeCache: size=49152Kb used=33691Kb max_used=33824Kb free=15460Kb
 bounds [0x000002107ccf0000, 0x000002107ee00000, 0x000002107fcf0000]
 total_blobs=18464 nmethods=17768 adapters=622
 compilation: enabled
              stopped_count=0, restarted_count=0
 full_count=0

Compilation events (20 events):
Event: 6524.177 Thread 0x000002100900f000 17959       1       org.eclipse.jdt.internal.compiler.parser.Scanner::recordComment (165 bytes)
Event: 6524.178 Thread 0x000002100900f000 nmethod 17959 0x000002107ed8d890 code [0x000002107ed8da80, 0x000002107ed8e0e8]
Event: 6524.250 Thread 0x000002100900f000 17960       1       com.sun.tools.javac.code.Preview::initMajorVersionToSourceMap (74 bytes)
Event: 6524.257 Thread 0x000002100900f000 nmethod 17960 0x000002107ed8d010 code [0x000002107ed8d200, 0x000002107ed8d5b8]
Event: 6524.258 Thread 0x000002100900f000 17961   !   1       nonapi.io.github.classgraph.classpath.ModuleFinder::findModuleRefsFromCallstack (158 bytes)
Event: 6524.269 Thread 0x000002100900f000 nmethod 17961 0x000002107ed8c510 code [0x000002107ed8c760, 0x000002107ed8cc68]
Event: 6526.278 Thread 0x000002100900f000 17962       1       com.sun.tools.javac.comp.Check::checkRefType (26 bytes)
Event: 6526.283 Thread 0x000002100900f000 nmethod 17962 0x000002107ed8be90 code [0x000002107ed8c060, 0x000002107ed8c308]
Event: 6526.357 Thread 0x000002100900f000 17963       1       com.sun.tools.javac.comp.Resolve::mostSpecific (558 bytes)
Event: 6526.365 Thread 0x000002100900f000 nmethod 17963 0x000002107ed89d90 code [0x000002107ed8a160, 0x000002107ed8b418]
Event: 6526.365 Thread 0x000002100900f000 17964       1       com.sun.tools.javac.code.Types$UniqueType::<init> (15 bytes)
Event: 6526.365 Thread 0x000002100900f000 nmethod 17964 0x000002107ed89a10 code [0x000002107ed89ba0, 0x000002107ed89cf8]
Event: 6526.365 Thread 0x000002100900f000 17965       1       com.sun.tools.javac.code.Symtab$$Lambda$1300/0x0000000100a3ca70::<init> (20 bytes)
Event: 6526.365 Thread 0x000002100900f000 nmethod 17965 0x000002107ed89610 code [0x000002107ed897a0, 0x000002107ed89978]
Event: 6526.365 Thread 0x000002100900f000 17966       1       com.sun.tools.javac.code.Types$UniqueType::hashCode (12 bytes)
Event: 6526.366 Thread 0x000002100900f000 nmethod 17966 0x000002107ed89210 code [0x000002107ed893c0, 0x000002107ed89508]
Event: 7209.388 Thread 0x000002100900f000 17968       1       java.lang.ProcessImpl$2::run (242 bytes)
Event: 7209.396 Thread 0x000002100900f000 nmethod 17968 0x000002107ed87390 code [0x000002107ed87640, 0x000002107ed883d8]
Event: 7209.396 Thread 0x000002100900f000 17969       1       java.lang.ProcessImpl::waitFor (136 bytes)
Event: 7209.397 Thread 0x000002100900f000 nmethod 17969 0x000002107ed86b10 code [0x000002107ed86d20, 0x000002107ed87138]

GC Heap History (20 events):
Event: 8210.527 GC heap before
{Heap before GC invocations=1813 (full 481):
 garbage-first heap   total 352256K, used 105070K [0x00000000c0000000, 0x0000000100000000)
  region size 1024K, 1 young (1024K), 0 survivors (0K)
 Metaspace       used 77006K, committed 77504K, reserved 1179648K
  class space    used 10585K, committed 10816K, reserved 1048576K
}
Event: 8210.597 GC heap after
{Heap after GC invocations=1814 (full 482):
 garbage-first heap   total 352256K, used 105070K [0x00000000c0000000, 0x0000000100000000)
  region size 1024K, 0 young (0K), 0 survivors (0K)
 Metaspace       used 77006K, committed 77504K, reserved 1179648K
  class space    used 10585K, committed 10816K, reserved 1048576K
}
Event: 8220.730 GC heap before
{Heap before GC invocations=1814 (full 482):
 garbage-first heap   total 352256K, used 105070K [0x00000000c0000000, 0x0000000100000000)
  region size 1024K, 1 young (1024K), 0 survivors (0K)
 Metaspace       used 77006K, committed 77504K, reserved 1179648K
  class space    used 10585K, committed 10816K, reserved 1048576K
}
Event: 8220.802 GC heap after
{Heap after GC invocations=1815 (full 483):
 garbage-first heap   total 352256K, used 105070K [0x00000000c0000000, 0x0000000100000000)
  region size 1024K, 0 young (0K), 0 survivors (0K)
 Metaspace       used 77006K, committed 77504K, reserved 1179648K
  class space    used 10585K, committed 10816K, reserved 1048576K
}
Event: 8230.928 GC heap before
{Heap before GC invocations=1815 (full 483):
 garbage-first heap   total 352256K, used 105070K [0x00000000c0000000, 0x0000000100000000)
  region size 1024K, 1 young (1024K), 0 survivors (0K)
 Metaspace       used 77006K, committed 77504K, reserved 1179648K
  class space    used 10585K, committed 10816K, reserved 1048576K
}
Event: 8230.989 GC heap after
{Heap after GC invocations=1816 (full 484):
 garbage-first heap   total 352256K, used 105070K [0x00000000c0000000, 0x0000000100000000)
  region size 1024K, 0 young (0K), 0 survivors (0K)
 Metaspace       used 77006K, committed 77504K, reserved 1179648K
  class space    used 10585K, committed 10816K, reserved 1048576K
}
Event: 8241.114 GC heap before
{Heap before GC invocations=1816 (full 484):
 garbage-first heap   total 352256K, used 105070K [0x00000000c0000000, 0x0000000100000000)
  region size 1024K, 1 young (1024K), 0 survivors (0K)
 Metaspace       used 77006K, committed 77504K, reserved 1179648K
  class space    used 10585K, committed 10816K, reserved 1048576K
}
Event: 8241.170 GC heap after
{Heap after GC invocations=1817 (full 485):
 garbage-first heap   total 352256K, used 105070K [0x00000000c0000000, 0x0000000100000000)
  region size 1024K, 0 young (0K), 0 survivors (0K)
 Metaspace       used 77006K, committed 77504K, reserved 1179648K
  class space    used 10585K, committed 10816K, reserved 1048576K
}
Event: 8251.294 GC heap before
{Heap before GC invocations=1817 (full 485):
 garbage-first heap   total 352256K, used 105070K [0x00000000c0000000, 0x0000000100000000)
  region size 1024K, 1 young (1024K), 0 survivors (0K)
 Metaspace       used 77006K, committed 77504K, reserved 1179648K
  class space    used 10585K, committed 10816K, reserved 1048576K
}
Event: 8251.356 GC heap after
{Heap after GC invocations=1818 (full 486):
 garbage-first heap   total 352256K, used 105070K [0x00000000c0000000, 0x0000000100000000)
  region size 1024K, 0 young (0K), 0 survivors (0K)
 Metaspace       used 77006K, committed 77504K, reserved 1179648K
  class space    used 10585K, committed 10816K, reserved 1048576K
}
Event: 8261.478 GC heap before
{Heap before GC invocations=1818 (full 486):
 garbage-first heap   total 352256K, used 105070K [0x00000000c0000000, 0x0000000100000000)
  region size 1024K, 1 young (1024K), 0 survivors (0K)
 Metaspace       used 77006K, committed 77504K, reserved 1179648K
  class space    used 10585K, committed 10816K, reserved 1048576K
}
Event: 8261.530 GC heap after
{Heap after GC invocations=1819 (full 487):
 garbage-first heap   total 352256K, used 105070K [0x00000000c0000000, 0x0000000100000000)
  region size 1024K, 0 young (0K), 0 survivors (0K)
 Metaspace       used 77006K, committed 77504K, reserved 1179648K
  class space    used 10585K, committed 10816K, reserved 1048576K
}
Event: 8271.652 GC heap before
{Heap before GC invocations=1819 (full 487):
 garbage-first heap   total 352256K, used 105070K [0x00000000c0000000, 0x0000000100000000)
  region size 1024K, 1 young (1024K), 0 survivors (0K)
 Metaspace       used 77006K, committed 77504K, reserved 1179648K
  class space    used 10585K, committed 10816K, reserved 1048576K
}
Event: 8271.710 GC heap after
{Heap after GC invocations=1820 (full 488):
 garbage-first heap   total 352256K, used 105070K [0x00000000c0000000, 0x0000000100000000)
  region size 1024K, 0 young (0K), 0 survivors (0K)
 Metaspace       used 77006K, committed 77504K, reserved 1179648K
  class space    used 10585K, committed 10816K, reserved 1048576K
}
Event: 8281.822 GC heap before
{Heap before GC invocations=1820 (full 488):
 garbage-first heap   total 352256K, used 105070K [0x00000000c0000000, 0x0000000100000000)
  region size 1024K, 1 young (1024K), 0 survivors (0K)
 Metaspace       used 77006K, committed 77504K, reserved 1179648K
  class space    used 10585K, committed 10816K, reserved 1048576K
}
Event: 8281.890 GC heap after
{Heap after GC invocations=1821 (full 489):
 garbage-first heap   total 352256K, used 105070K [0x00000000c0000000, 0x0000000100000000)
  region size 1024K, 0 young (0K), 0 survivors (0K)
 Metaspace       used 77006K, committed 77504K, reserved 1179648K
  class space    used 10585K, committed 10816K, reserved 1048576K
}
Event: 8292.015 GC heap before
{Heap before GC invocations=1821 (full 489):
 garbage-first heap   total 352256K, used 105070K [0x00000000c0000000, 0x0000000100000000)
  region size 1024K, 1 young (1024K), 0 survivors (0K)
 Metaspace       used 77006K, committed 77504K, reserved 1179648K
  class space    used 10585K, committed 10816K, reserved 1048576K
}
Event: 8292.087 GC heap after
{Heap after GC invocations=1822 (full 490):
 garbage-first heap   total 352256K, used 105070K [0x00000000c0000000, 0x0000000100000000)
  region size 1024K, 0 young (0K), 0 survivors (0K)
 Metaspace       used 77006K, committed 77504K, reserved 1179648K
  class space    used 10585K, committed 10816K, reserved 1048576K
}
Event: 8302.221 GC heap before
{Heap before GC invocations=1822 (full 490):
 garbage-first heap   total 352256K, used 105070K [0x00000000c0000000, 0x0000000100000000)
  region size 1024K, 1 young (1024K), 0 survivors (0K)
 Metaspace       used 77006K, committed 77504K, reserved 1179648K
  class space    used 10585K, committed 10816K, reserved 1048576K
}
Event: 8302.286 GC heap after
{Heap after GC invocations=1823 (full 491):
 garbage-first heap   total 352256K, used 105070K [0x00000000c0000000, 0x0000000100000000)
  region size 1024K, 0 young (0K), 0 survivors (0K)
 Metaspace       used 77006K, committed 77504K, reserved 1179648K
  class space    used 10585K, committed 10816K, reserved 1048576K
}

Dll operation events (10 events):
Event: 0.113 Loaded shared library c:\Users\DIPENDRA  BHATT\.vscode\extensions\redhat.java-1.21.0-win32-x64\jre\17.0.7-win32-x86_64\bin\java.dll
Event: 1.368 Loaded shared library C:\Users\DIPENDRA  BHATT\.vscode\extensions\redhat.java-1.21.0-win32-x64\jre\17.0.7-win32-x86_64\bin\net.dll
Event: 1.373 Loaded shared library C:\Users\DIPENDRA  BHATT\.vscode\extensions\redhat.java-1.21.0-win32-x64\jre\17.0.7-win32-x86_64\bin\nio.dll
Event: 2.679 Loaded shared library C:\Users\DIPENDRA  BHATT\.vscode\extensions\redhat.java-1.21.0-win32-x64\jre\17.0.7-win32-x86_64\bin\zip.dll
Event: 22.935 Loaded shared library C:\Users\DIPENDRA  BHATT\.vscode\extensions\redhat.java-1.21.0-win32-x64\jre\17.0.7-win32-x86_64\bin\jimage.dll
Event: 32.763 Loaded shared library C:\Users\DIPENDRA  BHATT\.vscode\extensions\redhat.java-1.21.0-win32-x64\jre\17.0.7-win32-x86_64\bin\management.dll
Event: 32.769 Loaded shared library C:\Users\DIPENDRA  BHATT\.vscode\extensions\redhat.java-1.21.0-win32-x64\jre\17.0.7-win32-x86_64\bin\management_ext.dll
Event: 34.937 Loaded shared library C:\Users\DIPENDRA  BHATT\.vscode\extensions\redhat.java-1.21.0-win32-x64\jre\17.0.7-win32-x86_64\bin\sunmscapi.dll
Event: 61.549 Loaded shared library c:\Users\DIPENDRA  BHATT\.vscode\extensions\redhat.java-1.21.0-win32-x64\jre\17.0.7-win32-x86_64\bin\verify.dll
Event: 69.915 Loaded shared library C:\Users\DIPENDRA  BHATT\AppData\Local\Temp\snappy-1.1.10-2a0cfc36-1c76-4a86-b02b-b61256a163fc-snappyjava.dll

Deoptimization events (20 events):
Event: 250.024 Thread 0x000002100bb5a0d0 DEOPT PACKING pc=0x000002107e440d20 sp=0x00000033079fd810
Event: 250.024 Thread 0x000002100bb5a0d0 DEOPT UNPACKING pc=0x000002107cd47143 sp=0x00000033079fcc90 mode 3
Event: 1814.615 Thread 0x00000210148130e0 DEOPT PACKING pc=0x000002107d8b3278 sp=0x0000003305dfbf00
Event: 1814.615 Thread 0x00000210148130e0 DEOPT UNPACKING pc=0x000002107cd47143 sp=0x0000003305dfb3b8 mode 3
Event: 1814.616 Thread 0x00000210148130e0 DEOPT PACKING pc=0x000002107d8b4384 sp=0x0000003305dfbe10
Event: 1814.616 Thread 0x00000210148130e0 DEOPT UNPACKING pc=0x000002107cd47143 sp=0x0000003305dfb2f0 mode 3
Event: 1814.767 Thread 0x00000210148130e0 DEOPT PACKING pc=0x000002107e74b6d5 sp=0x0000003305dfe2b0
Event: 1814.768 Thread 0x00000210148130e0 DEOPT UNPACKING pc=0x000002107cd47143 sp=0x0000003305dfd7d0 mode 3
Event: 1818.451 Thread 0x000002100b5336f0 DEOPT PACKING pc=0x000002107e340754 sp=0x00000033068fe3d0
Event: 1818.451 Thread 0x000002100b5336f0 DEOPT UNPACKING pc=0x000002107cd47143 sp=0x00000033068fd810 mode 0
Event: 1840.073 Thread 0x000002100ab043b0 DEOPT PACKING pc=0x000002107e95529e sp=0x00000033061fdc40
Event: 1840.073 Thread 0x000002100ab043b0 DEOPT UNPACKING pc=0x000002107cd47143 sp=0x00000033061fd0f0 mode 3
Event: 5550.015 Thread 0x000002100bc78e30 DEOPT PACKING pc=0x000002107ecdd93b sp=0x0000003305dfdf00
Event: 5550.016 Thread 0x000002100bc78e30 DEOPT UNPACKING pc=0x000002107cd47143 sp=0x0000003305dfd3d8 mode 3
Event: 6287.424 Thread 0x00000210194fa080 DEOPT PACKING pc=0x000002107d969d54 sp=0x0000003305ffe900
Event: 6287.424 Thread 0x000002100aa74550 DEOPT PACKING pc=0x000002107d969d54 sp=0x00000033061fe020
Event: 6287.425 Thread 0x00000210194fa080 DEOPT UNPACKING pc=0x000002107cd47143 sp=0x0000003305ffde48 mode 0
Event: 6287.425 Thread 0x000002100aa74550 DEOPT UNPACKING pc=0x000002107cd47143 sp=0x00000033061fd568 mode 0
Event: 6290.446 Thread 0x000002100aa74550 DEOPT PACKING pc=0x000002107d7c8ea6 sp=0x00000033061fdd70
Event: 6290.446 Thread 0x000002100aa74550 DEOPT UNPACKING pc=0x000002107cd47143 sp=0x00000033061fd2f8 mode 0

Classes unloaded (20 events):
Event: 3942.600 Thread 0x0000021004e2beb0 Unloading class 0x0000000100aac800 'java/lang/invoke/LambdaForm$MH+0x0000000100aac800'
Event: 3942.601 Thread 0x0000021004e2beb0 Unloading class 0x0000000100aa0800 'java/lang/invoke/LambdaForm$MH+0x0000000100aa0800'
Event: 3942.601 Thread 0x0000021004e2beb0 Unloading class 0x0000000100aa1800 'java/lang/invoke/LambdaForm$MH+0x0000000100aa1800'
Event: 4334.657 Thread 0x0000021004e2beb0 Unloading class 0x0000000100aa0800 'jdk/internal/reflect/GeneratedMethodAccessor76'
Event: 4334.657 Thread 0x0000021004e2beb0 Unloading class 0x0000000100aac400 'jdk/internal/reflect/GeneratedMethodAccessor75'
Event: 4573.079 Thread 0x0000021004e2beb0 Unloading class 0x0000000100aa1800 'jdk/internal/reflect/GeneratedConstructorAccessor88'
Event: 5286.420 Thread 0x0000021004e2beb0 Unloading class 0x0000000100aa1800 'jdk/internal/reflect/GeneratedMethodAccessor77'
Event: 5701.443 Thread 0x0000021004e2beb0 Unloading class 0x0000000100ab8400 'java/lang/invoke/LambdaForm$MH+0x0000000100ab8400'
Event: 5701.443 Thread 0x0000021004e2beb0 Unloading class 0x0000000100aac400 'java/lang/invoke/LambdaForm$MH+0x0000000100aac400'
Event: 5701.443 Thread 0x0000021004e2beb0 Unloading class 0x0000000100aa1800 'java/lang/invoke/LambdaForm$MH+0x0000000100aa1800'
Event: 5813.862 Thread 0x0000021004e2beb0 Unloading class 0x0000000100aacc00 'jdk/internal/reflect/GeneratedMethodAccessor78'
Event: 6792.522 Thread 0x0000021004e2beb0 Unloading class 0x0000000100abac00 'jdk/internal/reflect/GeneratedMethodAccessor85'
Event: 6792.522 Thread 0x0000021004e2beb0 Unloading class 0x0000000100aba800 'jdk/internal/reflect/GeneratedMethodAccessor84'
Event: 6792.522 Thread 0x0000021004e2beb0 Unloading class 0x0000000100aba400 'jdk/internal/reflect/GeneratedConstructorAccessor91'
Event: 6792.522 Thread 0x0000021004e2beb0 Unloading class 0x0000000100aba000 'jdk/internal/reflect/GeneratedMethodAccessor83'
Event: 6792.522 Thread 0x0000021004e2beb0 Unloading class 0x0000000100ab9c00 'jdk/internal/reflect/GeneratedConstructorAccessor90'
Event: 6792.522 Thread 0x0000021004e2beb0 Unloading class 0x0000000100aa1800 'jdk/internal/reflect/GeneratedMethodAccessor82'
Event: 6792.522 Thread 0x0000021004e2beb0 Unloading class 0x0000000100aac400 'jdk/internal/reflect/GeneratedMethodAccessor81'
Event: 6792.522 Thread 0x0000021004e2beb0 Unloading class 0x0000000100ab8400 'jdk/internal/reflect/GeneratedMethodAccessor80'
Event: 6792.522 Thread 0x0000021004e2beb0 Unloading class 0x0000000100aacc00 'jdk/internal/reflect/GeneratedMethodAccessor79'

Classes redefined (0 events):
No events

Internal exceptions (20 events):
Event: 6526.981 Thread 0x0000021014811da0 Exception <a 'sun/nio/fs/WindowsException'{0x00000000f91619a8}> (0x00000000f91619a8) 
thrown [s\src\hotspot\share\prims\jni.cpp, line 516]
Event: 6526.981 Thread 0x0000021014811da0 Exception <a 'sun/nio/fs/WindowsException'{0x00000000f9161c90}> (0x00000000f9161c90) 
thrown [s\src\hotspot\share\prims\jni.cpp, line 516]
Event: 6526.981 Thread 0x0000021014811da0 Exception <a 'sun/nio/fs/WindowsException'{0x00000000f91630c0}> (0x00000000f91630c0) 
thrown [s\src\hotspot\share\prims\jni.cpp, line 516]
Event: 6526.981 Thread 0x0000021014811da0 Exception <a 'sun/nio/fs/WindowsException'{0x00000000f91633c0}> (0x00000000f91633c0) 
thrown [s\src\hotspot\share\prims\jni.cpp, line 516]
Event: 6526.983 Thread 0x0000021014811da0 Exception <a 'sun/nio/fs/WindowsException'{0x00000000f9007120}> (0x00000000f9007120) 
thrown [s\src\hotspot\share\prims\jni.cpp, line 516]
Event: 6526.983 Thread 0x0000021014811da0 Exception <a 'sun/nio/fs/WindowsException'{0x00000000f9007420}> (0x00000000f9007420) 
thrown [s\src\hotspot\share\prims\jni.cpp, line 516]
Event: 6526.983 Thread 0x0000021014811da0 Exception <a 'sun/nio/fs/WindowsException'{0x00000000f9008870}> (0x00000000f9008870) 
thrown [s\src\hotspot\share\prims\jni.cpp, line 516]
Event: 6526.983 Thread 0x0000021014811da0 Exception <a 'sun/nio/fs/WindowsException'{0x00000000f9008b90}> (0x00000000f9008b90) 
thrown [s\src\hotspot\share\prims\jni.cpp, line 516]
Event: 6526.989 Thread 0x0000021014811da0 Exception <a 'sun/nio/fs/WindowsException'{0x00000000f8f86ae8}> (0x00000000f8f86ae8) 
thrown [s\src\hotspot\share\prims\jni.cpp, line 516]
Event: 6526.989 Thread 0x0000021014811da0 Exception <a 'sun/nio/fs/WindowsException'{0x00000000f8f86db8}> (0x00000000f8f86db8) 
thrown [s\src\hotspot\share\prims\jni.cpp, line 516]
Event: 6526.989 Thread 0x0000021014811da0 Exception <a 'sun/nio/fs/WindowsException'{0x00000000f8f88480}> (0x00000000f8f88480) 
thrown [s\src\hotspot\share\prims\jni.cpp, line 516]
Event: 6526.989 Thread 0x0000021014811da0 Exception <a 'sun/nio/fs/WindowsException'{0x00000000f8f88770}> (0x00000000f8f88770) 
thrown [s\src\hotspot\share\prims\jni.cpp, line 516]
Event: 6526.993 Thread 0x0000021014811da0 Exception <a 'sun/nio/fs/WindowsException'{0x00000000f8e05800}> (0x00000000f8e05800) 
thrown [s\src\hotspot\share\prims\jni.cpp, line 516]
Event: 6526.993 Thread 0x0000021014811da0 Exception <a 'sun/nio/fs/WindowsException'{0x00000000f8e05b00}> (0x00000000f8e05b00) 
thrown [s\src\hotspot\share\prims\jni.cpp, line 516]
Event: 6526.993 Thread 0x0000021014811da0 Exception <a 'sun/nio/fs/WindowsException'{0x00000000f8e074a0}> (0x00000000f8e074a0) 
thrown [s\src\hotspot\share\prims\jni.cpp, line 516]
Event: 6526.993 Thread 0x0000021014811da0 Exception <a 'sun/nio/fs/WindowsException'{0x00000000f8e077c0}> (0x00000000f8e077c0) 
thrown [s\src\hotspot\share\prims\jni.cpp, line 516]
Event: 6526.994 Thread 0x0000021014811da0 Exception <a 'sun/nio/fs/WindowsException'{0x00000000f8e42140}> (0x00000000f8e42140) 
thrown [s\src\hotspot\share\prims\jni.cpp, line 516]
Event: 6526.994 Thread 0x0000021014811da0 Exception <a 'sun/nio/fs/WindowsException'{0x00000000f8e42450}> (0x00000000f8e42450) 
thrown [s\src\hotspot\share\prims\jni.cpp, line 516]
Event: 6526.994 Thread 0x0000021014811da0 Exception <a 'sun/nio/fs/WindowsException'{0x00000000f8e43df8}> (0x00000000f8e43df8) 
thrown [s\src\hotspot\share\prims\jni.cpp, line 516]
Event: 6526.994 Thread 0x0000021014811da0 Exception <a 'sun/nio/fs/WindowsException'{0x00000000f8e44128}> (0x00000000f8e44128) 
thrown [s\src\hotspot\share\prims\jni.cpp, line 516]

VM Operations (20 events):
Event: 8210.597 Executing VM operation: G1CollectFull done
Event: 8220.729 Executing VM operation: G1CollectFull
Event: 8220.802 Executing VM operation: G1CollectFull done
Event: 8230.927 Executing VM operation: G1CollectFull
Event: 8230.989 Executing VM operation: G1CollectFull done
Event: 8241.113 Executing VM operation: G1CollectFull
Event: 8241.171 Executing VM operation: G1CollectFull done
Event: 8251.293 Executing VM operation: G1CollectFull
Event: 8251.356 Executing VM operation: G1CollectFull done
Event: 8261.477 Executing VM operation: G1CollectFull
Event: 8261.531 Executing VM operation: G1CollectFull done
Event: 8271.652 Executing VM operation: G1CollectFull
Event: 8271.710 Executing VM operation: G1CollectFull done
Event: 8281.822 Executing VM operation: G1CollectFull
Event: 8281.891 Executing VM operation: G1CollectFull done
Event: 8292.014 Executing VM operation: G1CollectFull
Event: 8292.087 Executing VM operation: G1CollectFull done
Event: 8302.221 Executing VM operation: G1CollectFull
Event: 8302.286 Executing VM operation: G1CollectFull done
Event: 8312.423 Executing VM operation: G1CollectFull

Events (20 events):
Event: 6524.633 Thread 0x000002101926f1d0 Thread added: 0x000002101926f1d0
Event: 6524.633 Thread 0x0000021019270040 Thread added: 0x0000021019270040
Event: 6524.633 Thread 0x0000021019270510 Thread added: 0x0000021019270510
Event: 6525.683 Thread 0x00000210148118d0 Thread exited: 0x00000210148118d0
Event: 6525.683 Thread 0x0000021014405920 Thread exited: 0x0000021014405920
Event: 6525.683 Thread 0x0000021014405450 Thread exited: 0x0000021014405450
Event: 6525.683 Thread 0x0000021019270040 Thread exited: 0x0000021019270040
Event: 6525.683 Thread 0x0000021014404ab0 Thread exited: 0x0000021014404ab0
Event: 6525.683 Thread 0x0000021019270510 Thread exited: 0x0000021019270510
Event: 6525.683 Thread 0x0000021014405df0 Thread exited: 0x0000021014405df0
Event: 6525.683 Thread 0x00000210148100c0 Thread exited: 0x00000210148100c0
Event: 6525.683 Thread 0x00000210148130e0 Thread exited: 0x00000210148130e0
Event: 6525.683 Thread 0x0000021014404f80 Thread exited: 0x0000021014404f80
Event: 6525.683 Thread 0x0000021014812c10 Thread exited: 0x0000021014812c10
Event: 6525.683 Thread 0x000002101926f1d0 Thread exited: 0x000002101926f1d0
Event: 6525.683 Thread 0x0000021014810a60 Thread exited: 0x0000021014810a60
Event: 6525.683 Thread 0x00000210148135b0 Thread exited: 0x00000210148135b0
Event: 6542.641 Thread 0x0000021014811da0 Thread exited: 0x0000021014811da0
Event: 6561.337 Thread 0x0000021014c48730 Thread exited: 0x0000021014c48730
Event: 6584.201 Thread 0x0000021014810f30 Thread exited: 0x0000021014810f30


Dynamic libraries:
0x00007ff613a50000 - 0x00007ff613a5e000 	c:\Users\DIPENDRA  BHATT\.vscode\extensions\redhat.java-1.21.0-win32-x64\jre\17.0.7-win32-x86_64\bin\java.exe
0x00007fffb4850000 - 0x00007fffb4a64000 	C:\WINDOWS\SYSTEM32\ntdll.dll
0x00007fffb4150000 - 0x00007fffb4214000 	C:\WINDOWS\System32\KERNEL32.DLL
0x00007fffb2000000 - 0x00007fffb23a4000 	C:\WINDOWS\System32\KERNELBASE.dll
0x00007fffb2470000 - 0x00007fffb2581000 	C:\WINDOWS\System32\ucrtbase.dll
0x00007fff772d0000 - 0x00007fff772e7000 	c:\Users\DIPENDRA  BHATT\.vscode\extensions\redhat.java-1.21.0-win32-x64\jre\17.0.7-win32-x86_64\bin\jli.dll
0x00007fff6d7e0000 - 0x00007fff6d7f9000 	c:\Users\DIPENDRA  BHATT\.vscode\extensions\redhat.java-1.21.0-win32-x64\jre\17.0.7-win32-x86_64\bin\VCRUNTIME140.dll
0x00007fffb42d0000 - 0x00007fffb447a000 	C:\WINDOWS\System32\USER32.dll
0x00007fffb1fd0000 - 0x00007fffb1ff6000 	C:\WINDOWS\System32\win32u.dll
0x00007fffb4120000 - 0x00007fffb4149000 	C:\WINDOWS\System32\GDI32.dll
0x00007fffb1e10000 - 0x00007fffb1f29000 	C:\WINDOWS\System32\gdi32full.dll
0x00007fffb1f30000 - 0x00007fffb1fca000 	C:\WINDOWS\System32\msvcp_win.dll
0x00007fff924a0000 - 0x00007fff9272f000 	C:\WINDOWS\WinSxS\amd64_microsoft.windows.common-controls_6595b64144ccf1df_6.0.22621.2070_none_2713e6537381f706\COMCTL32.dll
0x00007fffb2630000 - 0x00007fffb26d7000 	C:\WINDOWS\System32\msvcrt.dll
0x00007fffb3420000 - 0x00007fffb3451000 	C:\WINDOWS\System32\IMM32.DLL
0x00007fff94460000 - 0x00007fff9446c000 	c:\Users\DIPENDRA  BHATT\.vscode\extensions\redhat.java-1.21.0-win32-x64\jre\17.0.7-win32-x86_64\bin\vcruntime140_1.dll
0x00007ffefd120000 - 0x00007ffefd1b1000 	c:\Users\DIPENDRA  BHATT\.vscode\extensions\redhat.java-1.21.0-win32-x64\jre\17.0.7-win32-x86_64\bin\msvcp140.dll
0x00007ffefbfe0000 - 0x00007ffefcc28000 	c:\Users\DIPENDRA  BHATT\.vscode\extensions\redhat.java-1.21.0-win32-x64\jre\17.0.7-win32-x86_64\bin\server\jvm.dll
0x00007fffb3d70000 - 0x00007fffb3e20000 	C:\WINDOWS\System32\ADVAPI32.dll
0x00007fffb3c80000 - 0x00007fffb3d26000 	C:\WINDOWS\System32\sechost.dll
0x00007fffb2850000 - 0x00007fffb2967000 	C:\WINDOWS\System32\RPCRT4.dll
0x00007ffface80000 - 0x00007ffface89000 	C:\WINDOWS\SYSTEM32\WSOCK32.dll
0x00007fffb33a0000 - 0x00007fffb3411000 	C:\WINDOWS\System32\WS2_32.dll
0x00007fffa9370000 - 0x00007fffa93a4000 	C:\WINDOWS\SYSTEM32\WINMM.dll
0x00007fffa6960000 - 0x00007fffa696a000 	C:\WINDOWS\SYSTEM32\VERSION.dll
0x00007fffb0cd0000 - 0x00007fffb0ce8000 	C:\WINDOWS\SYSTEM32\kernel.appcore.dll
0x00007fff92aa0000 - 0x00007fff92aaa000 	c:\Users\DIPENDRA  BHATT\.vscode\extensions\redhat.java-1.21.0-win32-x64\jre\17.0.7-win32-x86_64\bin\jimage.dll
0x00007fffaf6a0000 - 0x00007fffaf8ce000 	C:\WINDOWS\SYSTEM32\DBGHELP.DLL
0x00007fffb2970000 - 0x00007fffb2cfa000 	C:\WINDOWS\System32\combase.dll
0x00007fffb2d00000 - 0x00007fffb2dd7000 	C:\WINDOWS\System32\OLEAUT32.dll
0x00007fffa32a0000 - 0x00007fffa32d2000 	C:\WINDOWS\SYSTEM32\dbgcore.DLL
0x00007fffb2590000 - 0x00007fffb260a000 	C:\WINDOWS\System32\bcryptPrimitives.dll
0x00007fff2fda0000 - 0x00007fff2fdc5000 	c:\Users\DIPENDRA  BHATT\.vscode\extensions\redhat.java-1.21.0-win32-x64\jre\17.0.7-win32-x86_64\bin\java.dll
0x00007fff6cbd0000 - 0x00007fff6cbe8000 	c:\Users\DIPENDRA  BHATT\.vscode\extensions\redhat.java-1.21.0-win32-x64\jre\17.0.7-win32-x86_64\bin\zip.dll
0x00007fffb3460000 - 0x00007fffb3c76000 	C:\WINDOWS\System32\SHELL32.dll
0x00007fffafbc0000 - 0x00007fffb04aa000 	C:\WINDOWS\SYSTEM32\windows.storage.dll
0x00007fffafa80000 - 0x00007fffafbbe000 	C:\WINDOWS\SYSTEM32\wintypes.dll
0x00007fffb2750000 - 0x00007fffb2843000 	C:\WINDOWS\System32\SHCORE.dll
0x00007fffb47a0000 - 0x00007fffb47fe000 	C:\WINDOWS\System32\shlwapi.dll
0x00007fffb1b60000 - 0x00007fffb1b86000 	C:\WINDOWS\SYSTEM32\profapi.dll
0x00007fff63310000 - 0x00007fff63329000 	C:\Users\DIPENDRA  BHATT\.vscode\extensions\redhat.java-1.21.0-win32-x64\jre\17.0.7-win32-x86_64\bin\net.dll
0x00007fffa9000000 - 0x00007fffa9137000 	C:\WINDOWS\SYSTEM32\WINHTTP.dll
0x00007fffb11a0000 - 0x00007fffb1209000 	C:\WINDOWS\system32\mswsock.dll
0x00007fff4f490000 - 0x00007fff4f4a5000 	C:\Users\DIPENDRA  BHATT\.vscode\extensions\redhat.java-1.21.0-win32-x64\jre\17.0.7-win32-x86_64\bin\nio.dll
0x00007fffb1410000 - 0x00007fffb142b000 	C:\WINDOWS\SYSTEM32\CRYPTSP.dll
0x00007fffb0c90000 - 0x00007fffb0cc5000 	C:\WINDOWS\system32\rsaenh.dll
0x00007fffb1270000 - 0x00007fffb129c000 	C:\WINDOWS\SYSTEM32\USERENV.dll
0x00007fffb15f0000 - 0x00007fffb1618000 	C:\WINDOWS\SYSTEM32\bcrypt.dll
0x00007fffb1430000 - 0x00007fffb143c000 	C:\WINDOWS\SYSTEM32\CRYPTBASE.dll
0x00007fffb0780000 - 0x00007fffb07ad000 	C:\WINDOWS\SYSTEM32\IPHLPAPI.DLL
0x00007fffb3d40000 - 0x00007fffb3d49000 	C:\WINDOWS\System32\NSI.dll
0x00007fffa9270000 - 0x00007fffa9289000 	C:\WINDOWS\SYSTEM32\dhcpcsvc6.DLL
0x00007fffa8670000 - 0x00007fffa868f000 	C:\WINDOWS\SYSTEM32\dhcpcsvc.DLL
0x00007fffb07f0000 - 0x00007fffb08e3000 	C:\WINDOWS\SYSTEM32\DNSAPI.dll
0x00007fff85f80000 - 0x00007fff85f89000 	C:\Users\DIPENDRA  BHATT\.vscode\extensions\redhat.java-1.21.0-win32-x64\jre\17.0.7-win32-x86_64\bin\management.dll
0x00007fff84da0000 - 0x00007fff84dab000 	C:\Users\DIPENDRA  BHATT\.vscode\extensions\redhat.java-1.21.0-win32-x64\jre\17.0.7-win32-x86_64\bin\management_ext.dll
0x00007fffb4800000 - 0x00007fffb4808000 	C:\WINDOWS\System32\PSAPI.DLL
0x00007fff9f380000 - 0x00007fff9f38e000 	C:\Users\DIPENDRA  BHATT\.vscode\extensions\redhat.java-1.21.0-win32-x64\jre\17.0.7-win32-x86_64\bin\sunmscapi.dll
0x00007fffb1ca0000 - 0x00007fffb1e07000 	C:\WINDOWS\System32\CRYPT32.dll
0x00007fffb15c0000 - 0x00007fffb15ee000 	C:\WINDOWS\SYSTEM32\ncrypt.dll
0x00007fffb1580000 - 0x00007fffb15b7000 	C:\WINDOWS\SYSTEM32\NTASN1.dll
0x00007fffa65c0000 - 0x00007fffa65ca000 	C:\Windows\System32\rasadhlp.dll
0x00007fffa6870000 - 0x00007fffa68f4000 	C:\WINDOWS\System32\fwpuclnt.dll
0x00007fff92730000 - 0x00007fff92740000 	c:\Users\DIPENDRA  BHATT\.vscode\extensions\redhat.java-1.21.0-win32-x64\jre\17.0.7-win32-x86_64\bin\verify.dll
0x0000000070fc0000 - 0x000000007108d000 	C:\Users\DIPENDRA  BHATT\AppData\Local\Temp\snappy-1.1.10-2a0cfc36-1c76-4a86-b02b-b61256a163fc-snappyjava.dll

dbghelp: loaded successfully - version: 4.0.5 - missing functions: none
symbol engine: initialized successfully - sym options: 0x614 - pdb path: .;c:\Users\DIPENDRA  BHATT\.vscode\extensions\redhat.java-1.21.0-win32-x64\jre\17.0.7-win32-x86_64\bin;C:\WINDOWS\SYSTEM32;C:\WINDOWS\WinSxS\amd64_microsoft.windows.common-controls_6595b64144ccf1df_6.0.22621.2070_none_2713e6537381f706;c:\Users\DIPENDRA  BHATT\.vscode\extensions\redhat.java-1.21.0-win32-x64\jre\17.0.7-win32-x86_64\bin\server;C:\Users\DIPENDRA  BHATT\AppData\Local\Temp

VM Arguments:
jvm_args: -XX:+HeapDumpOnOutOfMemoryError -Xmx1024m -Dsts.lsp.client=vscode -Dsts.log.file=/dev/null -XX:TieredStopAtLevel=1 -Xlog:jni+resolve=off -Dspring.config.location=file:c:\Users\DIPENDRA  BHATT\.vscode\extensions\vmware.vscode-spring-boot-1.48.0\language-server\BOOT-INF\classes\application.properties 
java_command: org.springframework.ide.vscode.boot.app.BootLanguageServerBootApp
java_class_path (initial): c:\Users\DIPENDRA  BHATT\.vscode\extensions\vmware.vscode-spring-boot-1.48.0\language-server\BOOT-INF\classes;c:\Users\DIPENDRA  BHATT\.vscode\extensions\vmware.vscode-spring-boot-1.48.0\language-server\BOOT-INF\lib\annotations-24.0.1.jar;c:\Users\DIPENDRA  BHATT\.vscode\extensions\vmware.vscode-spring-boot-1.48.0\language-server\BOOT-INF\lib\antlr-runtime-3.5.3.jar;c:\Users\DIPENDRA  BHATT\.vscode\extensions\vmware.vscode-spring-boot-1.48.0\language-server\BOOT-INF\lib\antlr4-4.11.1.jar;c:\Users\DIPENDRA  BHATT\.vscode\extensions\vmware.vscode-spring-boot-1.48.0\language-server\BOOT-INF\lib\antlr4-runtime-4.11.1.jar;c:\Users\DIPENDRA  BHATT\.vscode\extensions\vmware.vscode-spring-boot-1.48.0\language-server\BOOT-INF\lib\archunit-1.0.1.jar;c:\Users\DIPENDRA  BHATT\.vscode\extensions\vmware.vscode-spring-boot-1.48.0\language-server\BOOT-INF\lib\asm-9.5.jar;c:\Users\DIPENDRA  BHATT\.vscode\extensions\vmware.vscode-spring-boot-1.48.0\language-server\BOOT-INF\lib\asm-analysis-9.5.jar;c:\Users\DIPENDRA  BHATT\.vscode\extensions\vmware.vscode-spring-boot-1.48.0\language-server\BOOT-INF\lib\asm-tree-9.5.jar;c:\Users\DIPENDRA  BHATT\.vscode\extensions\vmware.vscode-spring-boot-1.48.0\language-server\BOOT-INF\lib\asm-util-9.5.jar;c:\Users\DIPENDRA  BHATT\.vscode\extensions\vmware.vscode-spring-boot-1.48.0\language-server\BOOT-INF\lib\bosh-language-server-1.48.0-SNAPSHOT.jar;c:\Users\DIPENDRA  BHATT\.vscode\extensions\vmware.vscode-spring-boot-1.48.0\language-server\BOOT-INF\lib\caffeine-3.1.6.jar;c:\Users\DIPENDRA  BHATT\.vscode\extensions\vmware.vscode-spring-boot-1.48.0\language-server\BOOT-INF\lib\checker-qual-3.12.0.jar;c:\Users\DIPENDRA  BHATT\.vscode\extensions\vmware.vscode-spring-boot-1.48.0\language-server\BOOT-INF\lib\classgraph-4.8.149.jar;c:\Users\DIPENDRA  BHATT\.vscode\extensions\vmware.vscode-spring-boot-1.48.0\language-server\BOOT-INF\lib\commons-codec-1.15.jar;c:\Users\DIPENDRA  BHATT\.vscode\extensions\vmware.vscode-spring-boot-
Launcher Type: SUN_STANDARD

[Global flags]
     intx CICompilerCount                          = 4                                         {product} {ergonomic}
     uint ConcGCThreads                            = 2                                         {product} {ergonomic}
     uint G1ConcRefinementThreads                  = 8                                         {product} {ergonomic}
   size_t G1HeapRegionSize                         = 1048576                                   {product} {ergonomic}
    uintx GCDrainStackTargetSize                   = 64                                        {product} {ergonomic}
     bool HeapDumpOnOutOfMemoryError               = true                                   {manageable} {command line}
   size_t InitialHeapSize                          = 132120576                                 {product} {ergonomic}
   size_t MarkStackSize                            = 4194304                                   {product} {ergonomic}
   size_t MaxHeapSize                              = 1073741824                                {product} {command line}
   size_t MaxNewSize                               = 643825664                                 {product} {ergonomic}
   size_t MinHeapDeltaBytes                        = 1048576                                   {product} {ergonomic}
   size_t MinHeapSize                              = 8388608                                   {product} {ergonomic}
    uintx NonProfiledCodeHeapSize                  = 0                                      {pd product} {ergonomic}
     bool ProfileInterpreter                       = false                                  {pd product} {command line}
    uintx ProfiledCodeHeapSize                     = 0                                      {pd product} {ergonomic}
   size_t SoftMaxHeapSize                          = 1073741824                             {manageable} {ergonomic}
     intx TieredStopAtLevel                        = 1                                         {product} {command line}
     bool UseCompressedClassPointers               = true                           {product lp64_product} {ergonomic}
     bool UseCompressedOops                        = true                           {product lp64_product} {ergonomic}
     bool UseG1GC                                  = true                                      {product} {ergonomic}
     bool UseLargePagesIndividualAllocation        = false                                  {pd product} {ergonomic}

Logging:
Log output configuration:
 #0: stdout all=warning,jni+resolve=off uptime,level,tags
 #1: stderr all=off uptime,level,tags

Environment Variables:
JAVA_HOME=C:\Program Files\Java\jdk-19
PATH=C:\Program Files\Python311\Scripts\;C:\Program Files\Python311\;C:\Program Files\Common Files\Oracle\Java\javapath;C:\Windows\system32;C:\Windows;C:\Windows\System32\Wbem;C:\Windows\System32\WindowsPowerShell\v1.0\;C:\Windows\System32\OpenSSH\;C:\Program Files (x86)\NVIDIA Corporation\PhysX\Common;C:\Program Files\NVIDIA Corporation\NVIDIA NvDLISR;C:\WINDOWS\system32;C:\WINDOWS;C:\WINDOWS\System32\Wbem;C:\WINDOWS\System32\WindowsPowerShell\v1.0\;C:\WINDOWS\System32\OpenSSH\;C:\Program Files (x86)\dotnet\;C:\MinGW\bin;C:\Program Files\Java\jdk-19\bin;C:\Program Files\Common Files\Oracle\Java\javapath;C:\Program Files\Git\cmd;C:\Program Files\nodejs\;C:\ProgramData\chocolatey\bin;;C:\Program Files\Docker\Docker\resources\bin;C:\Program Files\Common Files\Oracle\Java\javapath;C:\Windows\system32;C:\Windows;C:\Windows\System32\Wbem;C:\Windows\System32\WindowsPowerShell\v1.0\;C:\Windows\System32\OpenSSH\;C:\Program Files (x86)\NVIDIA Corporation\PhysX\Common;C:\Program Files\NVIDIA Corporation\NVIDIA NvDLISR;C:\WINDOWS\system32;C:\WINDOWS;C:\WINDOWS\System32\Wbem;C:\WINDOWS\System32\WindowsPowerShell\v1.0\;C:\WINDOWS\System32\OpenSSH\;C:\Program Files (x86)\dotnet\;C:\MinGW\bin;C:\Program Files\Java\jdk-19\bin;C:\Program Files\Common Files\Oracle\Java\javapath;C:\Program Files\MySQL\MySQL Shell 8.0\bin\;C:\Users\DIPENDRA  BHATT\AppData\Local\Microsoft\WindowsApps;D:\Microsoft VS Code\bin;C:\MinGW\bin;C:\Program Files\ngrok;C:\ngrok;C:\Maven\bin;C:\Program Files\Python311;C:\Users\DIPENDRA  BHATT\AppData\Roaming\npm;C:\Program Files\nodejs;
USERNAME=DIPENDRA  BHATT
OS=Windows_NT
PROCESSOR_IDENTIFIER=Intel64 Family 6 Model 165 Stepping 2, GenuineIntel
TMP=C:\Users\DIPEND~1\AppData\Local\Temp
TEMP=C:\Users\DIPEND~1\AppData\Local\Temp



---------------  S Y S T E M  ---------------

OS:
 Windows 11 , 64 bit Build 22621 (10.0.22621.2070)
OS uptime: 4 days 3:52 hours
Hyper-V role detected

CPU: total 8 (initial active 8) (4 cores per cpu, 2 threads per core) family 6 model 165 stepping 2 microcode 0xe2, cx8, cmov, fxsr, ht, mmx, 3dnowpref, sse, sse2, sse3, ssse3, sse4.1, sse4.2, popcnt, lzcnt, tsc, tscinvbit, avx, avx2, aes, erms, clmul, bmi1, bmi2, adx, fma, vzeroupper, clflush, clflushopt, hv

Memory: 4k page, system-wide physical 8059M (156M free)
TotalPageFile size 26751M (AvailPageFile size 11M)
current process WorkingSet (physical memory assigned to process): 180M, peak: 1280M
current process commit charge ("private bytes"): 599M, peak: 1324M

vm_info: OpenJDK 64-Bit Server VM (17.0.7+7) for windows-amd64 JRE (17.0.7+7), built on Apr 18 2023 22:10:42 by "temurin" with MS VC++ 16.7 (VS2019)

END.
